This is pdfTeX, Version 3.14159265-2.6-1.40.17 (TeX Live 2016) (preloaded format=pdflatex 2016.5.22)  1 JAN 2022 17:09
entering extended mode
 restricted \write18 enabled.
 file:line:error style messages enabled.
 %&-line parsing enabled.
**agujournaltemplate_highlighted.tex
(./agujournaltemplate_highlighted.tex
LaTeX2e <2016/03/31>
Babel <3.9r> and hyphenation patterns for 83 language(s) loaded.
(./agujournal2019.cls
Document Class: agujournal2019 01/14/2019
(/usr/local/texlive/2016/texmf-dist/tex/latex/graphics/graphicx.sty
Package: graphicx 2014/10/28 v1.0g Enhanced LaTeX Graphics (DPC,SPQR)

(/usr/local/texlive/2016/texmf-dist/tex/latex/graphics/keyval.sty
Package: keyval 2014/10/28 v1.15 key=value parser (DPC)
\KV@toks@=\toks14
)
(/usr/local/texlive/2016/texmf-dist/tex/latex/graphics/graphics.sty
Package: graphics 2016/05/09 v1.0r Standard LaTeX Graphics (DPC,SPQR)

(/usr/local/texlive/2016/texmf-dist/tex/latex/graphics/trig.sty
Package: trig 2016/01/03 v1.10 sin cos tan (DPC)
)
(/usr/local/texlive/2016/texmf-dist/tex/latex/graphics-cfg/graphics.cfg
File: graphics.cfg 2016/01/02 v1.10 sample graphics configuration
)
Package graphics Info: Driver file: pdftex.def on input line 96.

(/usr/local/texlive/2016/texmf-dist/tex/latex/pdftex-def/pdftex.def
File: pdftex.def 2011/05/27 v0.06d Graphics/color for pdfTeX

(/usr/local/texlive/2016/texmf-dist/tex/generic/oberdiek/infwarerr.sty
Package: infwarerr 2016/05/16 v1.4 Providing info/warning/error messages (HO)
)
(/usr/local/texlive/2016/texmf-dist/tex/generic/oberdiek/ltxcmds.sty
Package: ltxcmds 2016/05/16 v1.23 LaTeX kernel commands for general use (HO)
)
\Gread@gobject=\count79
))
\Gin@req@height=\dimen102
\Gin@req@width=\dimen103
)
(/usr/local/texlive/2016/texmf-dist/tex/latex/xcolor/xcolor.sty
Package: xcolor 2016/05/11 v2.12 LaTeX color extensions (UK)

(/usr/local/texlive/2016/texmf-dist/tex/latex/graphics-cfg/color.cfg
File: color.cfg 2016/01/02 v1.6 sample color configuration
)
Package xcolor Info: Driver file: pdftex.def on input line 225.
Package xcolor Info: Model `cmy' substituted by `cmy0' on input line 1348.
Package xcolor Info: Model `hsb' substituted by `rgb' on input line 1352.
Package xcolor Info: Model `RGB' extended on input line 1364.
Package xcolor Info: Model `HTML' substituted by `rgb' on input line 1366.
Package xcolor Info: Model `Hsb' substituted by `hsb' on input line 1367.
Package xcolor Info: Model `tHsb' substituted by `hsb' on input line 1368.
Package xcolor Info: Model `HSB' substituted by `hsb' on input line 1369.
Package xcolor Info: Model `Gray' substituted by `gray' on input line 1370.
Package xcolor Info: Model `wave' substituted by `hsb' on input line 1371.
)
(/usr/local/texlive/2016/texmf-dist/tex/latex/url/url.sty
\Urlmuskip=\muskip10
Package: url 2013/09/16  ver 3.4  Verb mode for urls, etc.
) (./trackchanges.sty
Package: trackchanges 2009/04/22 v0.7.0 TrackChanges file 

(/usr/local/texlive/2016/texmf-dist/tex/latex/base/ifthen.sty
Package: ifthen 2014/09/29 v1.1c Standard LaTeX ifthen package (DPC)
)
(/usr/local/texlive/2016/texmf-dist/tex/latex/tools/calc.sty
Package: calc 2014/10/28 v4.3 Infix arithmetic (KKT,FJ)
\calc@Acount=\count80
\calc@Bcount=\count81
\calc@Adimen=\dimen104
\calc@Bdimen=\dimen105
\calc@Askip=\skip41
\calc@Bskip=\skip42
LaTeX Info: Redefining \setlength on input line 80.
LaTeX Info: Redefining \addtolength on input line 81.
\calc@Ccount=\count82
\calc@Cskip=\skip43
)
(/usr/local/texlive/2016/texmf-dist/tex/latex/soul/soul.sty
Package: soul 2003/11/17 v2.4 letterspacing/underlining (mf)
\SOUL@word=\toks15
\SOUL@lasttoken=\toks16
\SOUL@cmds=\toks17
\SOUL@buffer=\toks18
\SOUL@token=\toks19
\SOUL@spaceskip=\skip44
\SOUL@ttwidth=\dimen106
\SOUL@uldp=\dimen107
\SOUL@ulht=\dimen108
)
(/usr/local/texlive/2016/texmf-dist/tex/latex/morefloats/morefloats.sty
Package: morefloats 2015/07/22 v1.0h Raise limit of unprocessed floats (HMM)

(/usr/local/texlive/2016/texmf-dist/tex/latex/oberdiek/kvoptions.sty
Package: kvoptions 2016/05/16 v3.12 Key value format for package options (HO)

(/usr/local/texlive/2016/texmf-dist/tex/generic/oberdiek/kvsetkeys.sty
Package: kvsetkeys 2016/05/16 v1.17 Key value parser (HO)

(/usr/local/texlive/2016/texmf-dist/tex/generic/oberdiek/etexcmds.sty
Package: etexcmds 2016/05/16 v1.6 Avoid name clashes with e-TeX commands (HO)

(/usr/local/texlive/2016/texmf-dist/tex/generic/oberdiek/ifluatex.sty
Package: ifluatex 2016/05/16 v1.4 Provides the ifluatex switch (HO)
Package ifluatex Info: LuaTeX not detected.
)
Package etexcmds Info: Could not find \expanded.
(etexcmds)             That can mean that you are not using pdfTeX 1.50 or
(etexcmds)             that some package has redefined \expanded.
(etexcmds)             In the latter case, load this package earlier.
)))
Package morefloats Info: Maximum number of possible floats asked for: 36
(morefloats)             (i.e. 18 more floats).
(morefloats)             LaTeX might run out of memory before this
(morefloats)             (in which case it will notify you).
)
\c@userid=\count83
\c@changenumber=\count84
\c@storefootnote=\count85
\c@numeditors=\count86
\c@maxeditors=\count87
)
(/usr/local/texlive/2016/texmf-dist/tex/latex/lineno/lineno.sty
Package: lineno 2005/11/02 line numbers on paragraphs v4.41
\linenopenalty=\count88
\output=\toks20
\linenoprevgraf=\count89
\linenumbersep=\dimen109
\linenumberwidth=\dimen110
\c@linenumber=\count90
\c@pagewiselinenumber=\count91
\c@LN@truepage=\count92
\c@internallinenumber=\count93
\c@internallinenumbers=\count94
\quotelinenumbersep=\dimen111
\bframerule=\dimen112
\bframesep=\dimen113
\bframebox=\box26
LaTeX Info: Redefining \\ on input line 3056.
)
(/usr/local/texlive/2016/texmf-dist/tex/latex/tools/indentfirst.sty
Package: indentfirst 1995/11/23 v1.03 Indent first paragraph (DPC)
)
(/usr/local/texlive/2016/texmf-dist/tex/latex/ms/ragged2e.sty
Package: ragged2e 2009/05/21 v2.1 ragged2e Package (MS)

(/usr/local/texlive/2016/texmf-dist/tex/latex/ms/everysel.sty
Package: everysel 2011/10/28 v1.2 EverySelectfont Package (MS)
)
\CenteringLeftskip=\skip45
\RaggedLeftLeftskip=\skip46
\RaggedRightLeftskip=\skip47
\CenteringRightskip=\skip48
\RaggedLeftRightskip=\skip49
\RaggedRightRightskip=\skip50
\CenteringParfillskip=\skip51
\RaggedLeftParfillskip=\skip52
\RaggedRightParfillskip=\skip53
\JustifyingParfillskip=\skip54
\CenteringParindent=\skip55
\RaggedLeftParindent=\skip56
\RaggedRightParindent=\skip57
\JustifyingParindent=\skip58
)
(/usr/local/texlive/2016/texmf-dist/tex/latex/rotating/rotating.sty
Package: rotating 2009/03/28 v2.16a rotated objects in LaTeX
\c@r@tfl@t=\count95
\rotFPtop=\skip59
\rotFPbot=\skip60
\rot@float@box=\box27
\rot@mess@toks=\toks21
)
(/usr/local/texlive/2016/texmf-dist/tex/generic/ulem/ulem.sty
\UL@box=\box28
\UL@hyphenbox=\box29
\UL@skip=\skip61
\UL@hook=\toks22
\UL@height=\dimen114
\UL@pe=\count96
\UL@pixel=\dimen115
\ULC@box=\box30
Package: ulem 2012/05/18
\ULdepth=\dimen116
)
\draftskip=\count97
\c@section=\count98
\c@subsection=\count99
\c@subsubsection=\count100
\c@paragraph=\count101
\c@subparagraph=\count102
\c@figure=\count103
\c@table=\count104
\abovecaptionskip=\skip62
\belowcaptionskip=\skip63
\c@appendnum=\count105
\bibindent=\dimen117

(/usr/local/texlive/2016/texmf-dist/tex/latex/apacite/apacite.sty
Package: apacite 2013/07/21 v6.03 APA citation
\c@BibCnt=\count106
\bibleftmargin=\skip64
\bibindent=\skip65
\bibparsep=\skip66
\bibitemsep=\skip67
\biblabelsep=\skip68
))
(./agujournaltemplate_highlighted.aux

LaTeX Warning: Label `pngfiguresample' multiply defined.


LaTeX Warning: Label `pngfiguresample' multiply defined.


LaTeX Warning: Label `pngfiguresample' multiply defined.


LaTeX Warning: Label `pngfiguresample' multiply defined.


LaTeX Warning: Label `pngfiguresample' multiply defined.


LaTeX Warning: Label `pngfiguresample' multiply defined.


LaTeX Warning: Label `pngfiguresample' multiply defined.


LaTeX Warning: Label `pngfiguresample' multiply defined.


LaTeX Warning: Label `pngfiguresample' multiply defined.

)
\openout1 = `agujournaltemplate_highlighted.aux'.

LaTeX Font Info:    Checking defaults for OML/cmm/m/it on input line 68.
LaTeX Font Info:    ... okay on input line 68.
LaTeX Font Info:    Checking defaults for T1/cmr/m/n on input line 68.
LaTeX Font Info:    ... okay on input line 68.
LaTeX Font Info:    Checking defaults for OT1/cmr/m/n on input line 68.
LaTeX Font Info:    ... okay on input line 68.
LaTeX Font Info:    Checking defaults for OMS/cmsy/m/n on input line 68.
LaTeX Font Info:    ... okay on input line 68.
LaTeX Font Info:    Checking defaults for OMX/cmex/m/n on input line 68.
LaTeX Font Info:    ... okay on input line 68.
LaTeX Font Info:    Checking defaults for U/cmr/m/n on input line 68.
LaTeX Font Info:    ... okay on input line 68.
 (/usr/local/texlive/2016/texmf-dist/tex/context/base/mkii/supp-pdf.mkii
[Loading MPS to PDF converter (version 2006.09.02).]
\scratchcounter=\count107
\scratchdimen=\dimen118
\scratchbox=\box31
\nofMPsegments=\count108
\nofMParguments=\count109
\everyMPshowfont=\toks23
\MPscratchCnt=\count110
\MPscratchDim=\dimen119
\MPnumerator=\count111
\makeMPintoPDFobject=\count112
\everyMPtoPDFconversion=\toks24
) (/usr/local/texlive/2016/texmf-dist/tex/generic/oberdiek/pdftexcmds.sty
Package: pdftexcmds 2016/05/10 v0.21 Utility functions of pdfTeX for LuaTeX (HO
)

(/usr/local/texlive/2016/texmf-dist/tex/generic/oberdiek/ifpdf.sty
Package: ifpdf 2016/05/14 v3.1 Provides the ifpdf switch
)
Package pdftexcmds Info: LuaTeX not detected.
Package pdftexcmds Info: \pdf@primitive is available.
Package pdftexcmds Info: \pdf@ifprimitive is available.
Package pdftexcmds Info: \pdfdraftmode found.
)
(/usr/local/texlive/2016/texmf-dist/tex/latex/oberdiek/epstopdf-base.sty
Package: epstopdf-base 2016/05/15 v2.6 Base part for package epstopdf

(/usr/local/texlive/2016/texmf-dist/tex/latex/oberdiek/grfext.sty
Package: grfext 2016/05/16 v1.2 Manage graphics extensions (HO)

(/usr/local/texlive/2016/texmf-dist/tex/generic/oberdiek/kvdefinekeys.sty
Package: kvdefinekeys 2016/05/16 v1.4 Define keys (HO)
))
Package grfext Info: Graphics extension search list:
(grfext)             [.png,.pdf,.jpg,.mps,.jpeg,.jbig2,.jb2,.PNG,.PDF,.JPG,.JPE
G,.JBIG2,.JB2,.eps]
(grfext)             \AppendGraphicsExtensions on input line 456.

(/usr/local/texlive/2016/texmf-dist/tex/latex/latexconfig/epstopdf-sys.cfg
File: epstopdf-sys.cfg 2010/07/13 v1.3 Configuration of (r)epstopdf for TeX Liv
e
))

Package trackchanges Warning: TrackChanges is not compatable with the 
(trackchanges)                'ulem' package.
(trackchanges)                Use the 'soul' package instead.

ABD: EverySelectfont initializing macros
LaTeX Info: Redefining \selectfont on input line 68.
\c@maskedRefs=\count113

(/usr/local/texlive/2016/texmf-dist/tex/latex/apacite/english.apc
File: english.apc 2013/07/21 v6.03 apacite language file
LaTeX Info: Redefining \BPBI on input line 129.
LaTeX Info: Redefining \BHBI on input line 130.
)
LaTeX Font Info:    External font `cmex10' loaded for size
(Font)              <7> on input line 103.
LaTeX Font Info:    External font `cmex10' loaded for size
(Font)              <5> on input line 103.
LaTeX Font Info:    External font `cmex10' loaded for size
(Font)              <8> on input line 111.
LaTeX Font Info:    External font `cmex10' loaded for size
(Font)              <6> on input line 111.

Overfull \hbox (20.15451pt too wide) in paragraph at lines 140--141
[]\OT1/cmr/m/n/10 We es-tab-lish an eight-year-long low-frequency earth-quake c
at-a-log for south-ern Cas- 
 []


Overfull \hbox (15.51569pt too wide) in paragraph at lines 141--142
[]\OT1/cmr/m/n/10 Families from the sub-duc-tion zone are mainly ac-tive dur-in
g the big tremor events, 
 []

[1{/usr/local/texlive/2016/texmf-var/fonts/map/pdftex/updmap/pdftex.map}]
Overfull \hbox (11.01573pt too wide) in paragraph at lines 157--159
\OT1/cmr/m/n/10 Low-frequency earth-quakes (LFEs) are small mag-ni-tude earth-q
uakes, with typ-i-cal mag- 
 []


Overfull \hbox (12.15454pt too wide) in paragraph at lines 157--159
\OT1/cmr/m/n/10 ni-tude less than 2, and re-duced am-pli-tudes at fre-quen-cies
 greater than 10 Hz rel-a-tive to 
 []


Overfull \hbox (2.29343pt too wide) in paragraph at lines 157--159
\OT1/cmr/m/n/10 or-di-nary small earth-quakes. Their oc-cur-rence is of-ten as-
so-ci-ated with tec-tonic tremor 
 []


Overfull \hbox (21.12688pt too wide) in paragraph at lines 157--159
\OT1/cmr/m/n/10 and slow slip events along the plate bound-ary in sub-duc-tion 
zones and oc-ca-sion-ally trans- 
 []


Overfull \hbox (1.0157pt too wide) in paragraph at lines 157--159
\OT1/cmr/m/n/10 form fault zones. They are usu-ally grouped into fam-i-lies of 
events, with all the earth- 
 []


Overfull \hbox (18.43245pt too wide) in paragraph at lines 157--159
\OT1/cmr/m/n/10 quakes of a given fam-ily orig-i-nat-ing from the same small pa
tch on the plate in-ter-face and 
 []


Overfull \hbox (15.79344pt too wide) in paragraph at lines 157--159
\OT1/cmr/m/n/10 re-cur-ring more or less episod-i-cally in a bursty man-ner. In
 this study, we ex-tend the LFE 
 []


Overfull \hbox (5.43246pt too wide) in paragraph at lines 157--159
\OT1/cmr/m/n/10 cat-a-log ob-tained by  []Plourde et al.[] (2015) dur-ing an ep
isode of high tremor ac-tiv-ity in 
 []


Overfull \hbox (22.09912pt too wide) in paragraph at lines 157--159
\OT1/cmr/m/n/10 April 2008, to the 8-year pe-riod 2004-2011. All of the tremor 
in the  []Boyarko et al.[] (2015) 
 []


Overfull \hbox (0.32123pt too wide) in paragraph at lines 157--159
\OT1/cmr/m/n/10 cat-a-log south of 42 de-grees North has as-so-ci-ated LFE ac-t
iv-ity, but we have iden-ti-fied 
 []


Overfull \hbox (12.92458pt too wide) in paragraph at lines 157--159
\OT1/cmr/m/n/10 sev-eral \OT1/cmr/bx/n/10 smaller clus-ters of LFEs with-out as
-so-ci-ated tremor ac-tiv-ity\OT1/cmr/m/n/10 , and ex-tend 
 []


Overfull \hbox (6.32126pt too wide) in paragraph at lines 157--159
\OT1/cmr/m/n/10 their cat-a-log for-ward and back-ward by a to-tal of about 3 y
ears. As in north-ern Cas-ca- 
 []


Overfull \hbox (9.04341pt too wide) in paragraph at lines 157--159
\OT1/cmr/m/n/10 dia, the down-dip LFE fam-i-lies have re-cur-rence in-ter-vals 
sev-eral times smaller than the 
 []


Overfull \hbox (6.01569pt too wide) in paragraph at lines 157--159
\OT1/cmr/m/n/10 up-dip fam-i-lies. For the April, 2008 Episodic Tremor and Slip
 event, the best recorded 
 []


Overfull \hbox (13.09909pt too wide) in paragraph at lines 157--159
\OT1/cmr/m/n/10 LFE fam-i-lies ex-hibit a strong tidal Coulomb stress sen-si-ti
v-ity start-ing 1.5 days af-ter the 
 []


Overfull \hbox (15.2935pt too wide) in paragraph at lines 157--159
\OT1/cmr/m/n/10 rup-ture front passes by each LFE fam-ily. The south-ern-most L
FE fam-ily, which has been 
 []


Overfull \hbox (14.8491pt too wide) in paragraph at lines 157--159
\OT1/cmr/m/n/10 in-ter-preted to be on the sub-duc-tion plate bound-ary, near t
he up-dip limit of tremor, has 
 []


Overfull \hbox (22.43228pt too wide) in paragraph at lines 157--159
\OT1/cmr/m/n/10 a very short re-cur-rence time. Also, these LFEs tend to oc-cur
 dur-ing times when pre-dicted 
 []


Overfull \hbox (10.04353pt too wide) in paragraph at lines 157--159
\OT1/cmr/m/n/10 tidal Coulomb stress is dis-cour-ag-ing slip on the plate bound
-ary. Both ob-ser-va-tions sug- 
 []


LaTeX Font Warning: Font shape `OT1/cmr/m/n' in size <10.5> not available
(Font)              size <10.95> substituted on input line 161.


LaTeX Font Warning: Font shape `OT1/cmr/bx/n' in size <10.5> not available
(Font)              size <10.95> substituted on input line 161.


Overfull \hbox (1.12677pt too wide) in paragraph at lines 163--164
[]\OT1/cmr/m/n/10 Low-frequency earth-quakes (LFEs) are small mag-ni-tude earth
-quakes, with typ-i- 
 []


Overfull \hbox (16.04343pt too wide) in paragraph at lines 163--164
\OT1/cmr/m/n/10 cal mag-ni-tude less than 2, and re-duced am-pli-tudes at fre-q
uen-cies greater than 10 Hz rel- 
 []


Overfull \hbox (6.12677pt too wide) in paragraph at lines 163--164
\OT1/cmr/m/n/10 a-tive to or-di-nary small earth-quakes. Their oc-cur-rence is 
of-ten as-so-ci-ated with tec-tonic 
 []


Overfull \hbox (12.48795pt too wide) in paragraph at lines 163--164
\OT1/cmr/m/n/10 tremor and slow slip events along the plate bound-ary in sub-du
c-tion zones and oc-ca-sion- 
 []


Overfull \hbox (13.01576pt too wide) in paragraph at lines 163--164
\OT1/cmr/m/n/10 ally trans-form fault zones. They are usu-ally grouped into fam
-i-lies of events, with all the 
 []


Overfull \hbox (8.18242pt too wide) in paragraph at lines 163--164
\OT1/cmr/m/n/10 earth-quakes of a given fam-ily orig-i-nat-ing from the same sm
all patch on the plate in-ter- 
 []


Overfull \hbox (15.37677pt too wide) in paragraph at lines 163--164
\OT1/cmr/m/n/10 face and re-cur-ring more or less episod-i-cally in a bursty ma
n-ner. In this study, we ex-tend 
 []


Overfull \hbox (6.09909pt too wide) in paragraph at lines 163--164
\OT1/cmr/m/n/10 the LFE cat-a-log ob-tained by  []Plourde et al.[] (2015) to th
e 8-year pe-riod 2004-2011. As 
 []


Overfull \hbox (6.72589pt too wide) in paragraph at lines 163--164
\OT1/cmr/m/n/10 in north-ern Cas-ca-dia, the down-dip LFE fam-i-lies have \OT1/
cmr/bx/n/10 shorter re-cur-rence in-ter-vals 
 []


Overfull \hbox (3.18237pt too wide) in paragraph at lines 163--164
\OT1/cmr/m/n/10 than the up-dip fam-i-lies. For the April 2008 Episodic Tremor 
and Slip event, the best 
 []


Overfull \hbox (2.98792pt too wide) in paragraph at lines 163--164
\OT1/cmr/m/n/10 recorded LFE fam-i-lies ex-hibit a strong tidal stress sen-si-t
iv-ity. The south-ern-most LFE 
 []


Overfull \hbox (7.40463pt too wide) in paragraph at lines 163--164
\OT1/cmr/m/n/10 fam-ily, which has been in-ter-preted to be on the sub-duc-tion
 plate bound-ary has a short 
 []


Overfull \hbox (11.18224pt too wide) in paragraph at lines 163--164
\OT1/cmr/m/n/10 re-cur-rence time. Also, these LFEs tend to oc-cur dur-ing time
s when tidal stress dis-cour- 
 []


Overfull \hbox (6.68246pt too wide) in paragraph at lines 163--164
\OT1/cmr/m/n/10 ages slip on the plate bound-ary. Both ob-ser-va-tions sug-gest
 this LFE fam-ily may be on 
 []


Overfull \hbox (3.32114pt too wide) in paragraph at lines 198--198
[]\OT1/cmr/m/n/10 Tectonic tremor is a weak but per-sis-tent shak-ing of the Ea
rth that has been dis- 
 []


Overfull \hbox (37.12656pt too wide) in paragraph at lines 198--198
\OT1/cmr/m/n/10 cov-ered in many sub-duc-tion zones and some strike-slip faults
 through-out the world  []\OT1/cmr/bx/n/10 Beroza 
 []


Overfull \hbox (8.17491pt too wide) in paragraph at lines 198--198
\OT1/cmr/bx/n/10 & Ide, 2011)\OT1/cmr/m/n/10 . Tremor is ob-served on seis-mo-g
rams as ap-par-ent noise whose am-pli-tude 
 []


Overfull \hbox (12.8213pt too wide) in paragraph at lines 198--198
\OT1/cmr/m/n/10 is mod-u-lated in time in a sim-i-lar man-ner at sta-tions that
 are dozens of kilo-me-ters apart 
 []


Overfull \hbox (14.51506pt too wide) in paragraph at lines 198--198
\OT1/cmr/m/n/10 from each other  []\OT1/cmr/bx/n/10 Obara, 2002)\OT1/cmr/m/n/10
 . It is char-ac-ter-ized by a long (sev-eral sec-onds to many 
 []


Overfull \hbox (10.84898pt too wide) in paragraph at lines 198--198
\OT1/cmr/m/n/10 min-utes), low am-pli-tude seis-mic sig-nal, emer-gent on-sets,
 and an ab-sence of clear im-pul- 
 []


Overfull \hbox (7.18228pt too wide) in paragraph at lines 198--198
\OT1/cmr/m/n/10 sive phases. Tremor can be ex-plained as a swarm of low-frequen
cy earth-quakes (LFEs) 
 []


Overfull \hbox (9.50108pt too wide) in paragraph at lines 198--198
[]\OT1/cmr/bx/n/10 Shelly et al.[], 2007a)\OT1/cmr/m/n/10 , that is small mag-n
i-tude earth-quakes (M $\OMS/cmsy/m/n/10 ^^X$ \OT1/cmr/m/n/10 1) which dom-i-na
nt 
 []


Overfull \hbox (9.2935pt too wide) in paragraph at lines 198--198
\OT1/cmr/m/n/10 fre-quency is clearly low (1-10 Hz) com-pared with that of or-d
i-nary tiny earth-quakes (up 
 []


Overfull \hbox (36.16127pt too wide) in paragraph at lines 198--198
\OT1/cmr/m/n/10 to 20 Hz). The source of the tremor and the LFEs is lo-cated on
 the plate bound-ary  []\OT1/cmr/bx/n/10 Shelly 
 []


Overfull \hbox (3.7512pt too wide) in paragraph at lines 198--198
\OT1/cmr/bx/n/10 et al.[], 2006; Bo-stock et al.[], 2012; Au-det & Kim, 2016)\O
T1/cmr/m/n/10 , and their fo-cal mech-a- 
 []


Overfull \hbox (2.9323pt too wide) in paragraph at lines 198--198
\OT1/cmr/m/n/10 nisms rep-re-sent shear slip on a low-angle thrust fault dip-pi
ng in the same di-rec-tion as 
 []


Overfull \hbox (29.47455pt too wide) in paragraph at lines 198--198
\OT1/cmr/m/n/10 the plate in-ter-face  []\OT1/cmr/bx/n/10 Ide et al.[], 2007; B
o-stock et al.[], 2012; Royer & Bo-stock, 2014)\OT1/cmr/m/n/10 . 
 []


Overfull \hbox (18.96019pt too wide) in paragraph at lines 198--198
\OT1/cmr/m/n/10 LFEs are usu-ally grouped into fam-i-lies of events, with all t
he earth-quakes of a given fam- 
 []


Overfull \hbox (6.57127pt too wide) in paragraph at lines 198--198
\OT1/cmr/m/n/10 ily orig-i-nat-ing from the same small patch on the plate in-te
r-face, and re-cur-ring more or 
 []


Overfull \hbox (20.00436pt too wide) in paragraph at lines 198--198
\OT1/cmr/m/n/10 less episod-i-cally in a bursty man-ner. \OT1/cmr/bx/n/10 Tens 
of events are thus recorded within a few 
 []


Overfull \hbox (2.2074pt too wide) in paragraph at lines 198--198
\OT1/cmr/bx/n/10 hours or days dur-ing a burst of LFE ac-tiv-ity, fol-lowed by 
weeks or months 
 []


Overfull \hbox (4.37714pt too wide) in paragraph at lines 198--198
\OT1/cmr/bx/n/10 of quiet, with very few events. \OT1/cmr/m/n/10 In sub-duc-tio
n zones such as Nankai and Cas-ca-dia, 
 []


Overfull \hbox (11.79353pt too wide) in paragraph at lines 198--198
\OT1/cmr/m/n/10 tec-tonic tremor and LFE ob-ser-va-tions are spa-tially and tem
-po-rally cor-re-lated with slow 
 []


Overfull \hbox (9.44594pt too wide) in paragraph at lines 198--198
\OT1/cmr/m/n/10 slip ob-ser-va-tions  []\OT1/cmr/bx/n/10 Rogers & Dragert, 2003
; Obara et al.[], 2004)\OT1/cmr/m/n/10 . Due to this cor- 
 []


Underfull \vbox (badness 10000) has occurred while \output is active []

 [2]

LaTeX Warning: Citation `KAT_2020' undefined on input line 200.


LaTeX Warning: Citation `KAT_2003' undefined on input line 200.


Overfull \hbox (10.32104pt too wide) in paragraph at lines 200--200
[]\OT1/cmr/m/n/10 The rel-a-tively short re-cur-rence of slow slip and tremor e
vents re-sults in a rich his- 
 []


Overfull \hbox (4.73787pt too wide) in paragraph at lines 200--200
\OT1/cmr/m/n/10 tory both in space and time and re-veals po-ten-tial pat-terns.
 These event his-to-ries have 
 []


Overfull \hbox (11.71pt too wide) in paragraph at lines 200--200
\OT1/cmr/m/n/10 al-lowed sci-en-tists to see com-plete event cy-cles, which is 
typ-i-cally not pos-si-ble to ex-plore 
 []


Overfull \hbox (16.48795pt too wide) in paragraph at lines 200--200
\OT1/cmr/m/n/10 in tra-di-tional earth-quake cat-a-logs. How-ever, most of the 
work on LFEs has been fo-cused 
 []


Overfull \hbox (2.79358pt too wide) in paragraph at lines 200--200
\OT1/cmr/m/n/10 on de-tect-ing LFEs dur-ing pe-ri-ods of high tremor ac-tiv-ity
, group-ing them into fam-i-lies 
 []


Overfull \hbox (3.07123pt too wide) in paragraph at lines 200--200
\OT1/cmr/m/n/10 of events, and lo-cat-ing the source of the LFE fam-i-lies. Lon
ger cat-a-logs (sev-eral years) 
 []


Overfull \hbox (4.32133pt too wide) in paragraph at lines 200--200
\OT1/cmr/m/n/10 al.[] (2014)), the San An-dreas Fault (fifteen-year-long cat-a-
log by  []Shelly (2017)), Wash- 
 []


Overfull \hbox (12.96017pt too wide) in paragraph at lines 200--200
\OT1/cmr/m/n/10 ing-ton State (five-year-long cat-a-log by  []Sweet et al.[] (2
019) and two-year-long cat-a-log by 
 []


Overfull \hbox (14.02243pt too wide) in paragraph at lines 200--200
[]\OT1/cmr/m/n/10 Chestler and Crea-ger (2017a, 2017b)), \OT1/cmr/bx/n/10 Van-c
ou-ver Is-land (ten-year-long cat-a-log by 
 []


Overfull \hbox (22.60661pt too wide) in paragraph at lines 200--200
[]\OT1/cmr/bx/n/10 Bostock et al.[] (2015))\OT1/cmr/m/n/10 , New Zealand (eight
-year-long cat-a-log by  []Baratin et al.[] (2018)), 
 []


Overfull \hbox (0.12479pt too wide) in paragraph at lines 200--200
[]\OT1/cmr/m/n/10 Ohta and Ide (2017), \OT1/cmr/bx/n/10 eleven-year-long cat-a-
log by  []? (?), and Japan Me-te-o-ro- 
 []


Overfull \hbox (11.93193pt too wide) in paragraph at lines 200--200
\OT1/cmr/bx/n/10 log-i-cal Agency (JMA) cat-a-log since 1999  []?, ?)\OT1/cmr/m
/n/10 ). These stud-ies have shown that 
 []


Overfull \hbox (9.09895pt too wide) in paragraph at lines 200--200
\OT1/cmr/m/n/10 the re-cur-rence be-hav-ior of LFE fam-i-lies varies a lot be-t
ween seis-mic re-gions, and in-side 
 []


Overfull \hbox (0.15453pt too wide) in paragraph at lines 200--200
\OT1/cmr/m/n/10 the same seis-mic re-gion. In north-ern Wash-ing-ton,  []Sweet 
et al.[] (2019) have iden-ti-fied 
 []


Overfull \hbox (10.84906pt too wide) in paragraph at lines 200--200
\OT1/cmr/m/n/10 and char-ac-ter-ized four dif-fer-ent LFE fam-i-lies that span 
the width of the tran-si-tion zone 
 []


Overfull \hbox (6.98798pt too wide) in paragraph at lines 200--200
\OT1/cmr/m/n/10 in the Cas-ca-dia Sub-duc-tion Zone be-neath west-ern Wash-ing-
ton State. They found that 
 []


Overfull \hbox (21.62674pt too wide) in paragraph at lines 200--200
\OT1/cmr/m/n/10 the LFEs swarm du-ra-tion, re-cur-rence in-ter-val, and event s
ize de-crease sys-tem-at-i-cally with 
 []


Overfull \hbox (6.46017pt too wide) in paragraph at lines 200--200
\OT1/cmr/m/n/10 in-creas-ing depth. On the San An-dreas Fault,  []Shelly (2017)
) ob-served a large di-ver-sity 
 []


Overfull \hbox (15.96022pt too wide) in paragraph at lines 200--200
\OT1/cmr/m/n/10 of re-cur-rence be-hav-iors among the LFE fam-i-lies, from semi
-con-tin-u-ous to highly episodic. 
 []


Overfull \hbox (12.57132pt too wide) in paragraph at lines 200--200
\OT1/cmr/m/n/10 Par-tic-u-larly, two fam-i-lies ex-hib-ited bi-modal re-cur-ren
ce pat-terns (about 3 and 6 days for 
 []


Overfull \hbox (10.2101pt too wide) in paragraph at lines 200--200
\OT1/cmr/m/n/10 the first one, and about 2 and 4 days for the sec-ond one). Mor
e-over, he ob-served an in- 
 []


LaTeX Warning: Citation `MCC_2006' undefined on input line 202.


Overfull \hbox (8.29343pt too wide) in paragraph at lines 202--202
[] []\OT1/cmr/m/n/10 Plourde et al.[] (2015)) have de-tected LFEs in south-ern 
Cas-ca-dia dur-ing the April 
 []


Overfull \hbox (9.84908pt too wide) in paragraph at lines 202--202
\OT1/cmr/m/n/10 2008 ETS event us-ing seis-mic data from the Earth-Scope Flex-i
-ble Ar-ray Men-do-cino Ex- 
 []


Overfull \hbox (10.04356pt too wide) in paragraph at lines 202--202
\OT1/cmr/m/n/10 per-i-ment (FAME). They used a com-bi-na-tion of au-tode-tec-ti
on meth-ods and vi-sual iden- 
 []


Overfull \hbox (19.12686pt too wide) in paragraph at lines 202--202
\OT1/cmr/m/n/10 ti-fi-ca-tion to ob-tain the ini-tial tem-plates. Then, they re
-cov-ered higher signal-to-noise LFE 
 []


Overfull \hbox (3.79349pt too wide) in paragraph at lines 202--202
\OT1/cmr/m/n/10 sig-nals us-ing it-er-a-tive net-work cross-correlation. They f
ound that the LFE fam-i-lies on 
 []


Overfull \hbox (19.18155pt too wide) in paragraph at lines 202--202
\OT1/cmr/m/n/10 the south-ern Cas-ca-dia Sub-duc-tion Zone were lo-cated above 
the \OT1/cmr/bx/n/10 plate bound-ary model 
 []


Overfull \hbox (13.281pt too wide) in paragraph at lines 202--202
\OT1/cmr/bx/n/10 of  []? (?), with a large dis-tri-bu-tion of depths (28-47 km)
. How-ever, they sug- 
 []


Overfull \hbox (20.24968pt too wide) in paragraph at lines 202--202
\OT1/cmr/bx/n/10 gested that this may be be-cause the model is bi-ased deep. \O
T1/cmr/m/n/10 Three ad-di-tional LFE 
 []


Overfull \hbox (1.46013pt too wide) in paragraph at lines 202--202
\OT1/cmr/m/n/10 fam-i-lies were found on two strike-slip faults, the Maa-cama a
nd Buck-nell Creek faults, 
 []


Overfull \hbox (12.98792pt too wide) in paragraph at lines 204--205
[]\OT1/cmr/m/n/10 When the hard work of de-tect-ing LFEs and iden-ti-fy-ing LFE
 fam-i-lies has been car- 
 []


Overfull \hbox (22.0713pt too wide) in paragraph at lines 204--205
\OT1/cmr/m/n/10 ried out, and enough (a few hun-dred) LFEs have been iden-ti-fi
ed for a given fam-ily, a tem- 
 []


Overfull \hbox (6.23793pt too wide) in paragraph at lines 204--205
\OT1/cmr/m/n/10 plate wave-form can be ob-tained by stack-ing all the wave-form
s cor-re-spond-ing to all the 
 []


Overfull \hbox (2.93239pt too wide) in paragraph at lines 204--205
\OT1/cmr/m/n/10 LFEs iden-ti-fied. Once a tem-plate is avail-able, ad-di-tional
 LFEs can be found by cross- 
 []


Overfull \hbox (19.5435pt too wide) in paragraph at lines 204--205
\OT1/cmr/m/n/10 correlating seis-mic data with the tem-plate, and as-sum-ing th
at an LFE is oc-cur-ring when- 
 []


Overfull \hbox (7.29338pt too wide) in paragraph at lines 204--205
\OT1/cmr/m/n/10 ever the value of the cross-correlation is higher than a cho-se
n thresh-old. The signal-to- 
 []


Overfull \hbox (19.73784pt too wide) in paragraph at lines 204--205
\OT1/cmr/m/n/10 noise ra-tios are low, so LFEs can be best iden-ti-fied by stac
k-ing the cross-correlation func- 
 []


Overfull \hbox (11.099pt too wide) in paragraph at lines 204--205
\OT1/cmr/m/n/10 tions of mul-ti-ple sta-tions. In this study, we first use the 
cat-a-log es-tab-lished by  []Plourde 
 []


Overfull \hbox (2.04346pt too wide) in paragraph at lines 204--205
\OT1/cmr/m/n/10 et al.[] (2015) for the months of March and April 2008 to cre-a
te tem-plates for the tem- 
 []


Overfull \hbox (0.59894pt too wide) in paragraph at lines 204--205
\OT1/cmr/m/n/10 po-rary seis-mic sta-tions of the FAME ex-per-i-ment. We then u
se these tem-plates to ex- 
 []


Overfull \hbox (11.93233pt too wide) in paragraph at lines 204--205
\OT1/cmr/m/n/10 tend the cat-a-log to the whole pe-riod when the FAME ex-per-i-
ment was run-ning, be-tween 
 []


Overfull \hbox (4.59908pt too wide) in paragraph at lines 204--205
\OT1/cmr/m/n/10 July 2007 and June 2009. Next, we use the LFE de-tec-tions from
 the 2007-2009 pe-riod 
 []


Overfull \hbox (17.87674pt too wide) in paragraph at lines 204--205
\OT1/cmr/m/n/10 to cre-ate tem-plates for the per-ma-nent sta-tions of three se
is-mic net-works in north-ern Cal- 
 []


Overfull \hbox (21.59908pt too wide) in paragraph at lines 204--205
\OT1/cmr/m/n/10 i-for-nia. These new tem-plates al-low us to ex-tend the LFE ca
t-a-log to the pe-riod 2004-2011.  
 []


Underfull \vbox (badness 10000) has occurred while \output is active []

 [3]
Overfull \hbox (3.62679pt too wide) in paragraph at lines 208--208
[]\OT1/cmr/m/n/10 We used both seis-mic data from the tem-po-rary Earth-Scope F
lex-i-ble Ar-ray Men- 
 []


Overfull \hbox (8.62683pt too wide) in paragraph at lines 208--208
\OT1/cmr/m/n/10 do-cino Ex-per-i-ment (FAME) dis-tributed by In-cor-po-rated Re
-search In-sti-tu-tions for Seis- 
 []


Overfull \hbox (8.5157pt too wide) in paragraph at lines 208--208
\OT1/cmr/m/n/10 mol-ogy (IRIS), and seis-mic data from three per-ma-nent seis-m
ic net-works dis-tributed by 
 []


Overfull \hbox (1.46008pt too wide) in paragraph at lines 208--208
\OT1/cmr/m/n/10 the North-ern Cal-i-for-nia Earth-quake Data Cen-ter (NCEDC). T
he FAME net-work was 
 []


Overfull \hbox (13.37686pt too wide) in paragraph at lines 208--208
\OT1/cmr/m/n/10 in-stalled in north-ern Cal-i-for-nia be-tween July 2007 and Ju
ne 2009. The three per-ma-nent 
 []


Overfull \hbox (7.849pt too wide) in paragraph at lines 208--208
\OT1/cmr/m/n/10 net-works are Berke-ley Dig-i-tal Seis-mic Net-work (BK), North
-ern Cal-i-for-nia Seis-mic Net- 
 []


Overfull \hbox (2.79355pt too wide) in paragraph at lines 208--208
\OT1/cmr/m/n/10 work (NC), and Plate Bound-ary Ob-ser-va-tory Strain and Seis-m
ic Data (PB). We used 
 []


Overfull \hbox (8.62689pt too wide) in paragraph at lines 208--208
\OT1/cmr/m/n/10 both one-component and three-components seis-mic sta-tions. De-
pend-ing on avail-abil-ity, 
 []


Overfull \hbox (13.23776pt too wide) in paragraph at lines 208--208
\OT1/cmr/m/n/10 we used chan-nels BHZ, EHZ, HHZ, or SHZ as we are mainly in-ter
-ested in the fre-quency 
 []


Overfull \hbox (6.6267pt too wide) in paragraph at lines 208--208
\OT1/cmr/m/n/10 band 1-10Hz. We re-stricted our-selves to seis-mic sta-tions le
ss than 100 kilo-me-ters away 
 []


Overfull \hbox (2.98792pt too wide) in paragraph at lines 208--208
\OT1/cmr/m/n/10 from the epi-cen-ter of an LFE fam-ily, as we do not ex-pect to
 have good signal-to-noise 
 []


Overfull \hbox (4.23787pt too wide) in paragraph at lines 208--208
\OT1/cmr/m/n/10 ra-tio for sta-tions lo-cated far-ther away. The com-plete list
 of seis-mic sta-tions and chan- 
 []


Overfull \hbox (2.12679pt too wide) in paragraph at lines 208--208
\OT1/cmr/m/n/10 nels used in this study is given in the Sup-ple-men-tary Ma-te-
rial. Fig-ure 1 shows a map 
 []


Overfull \hbox (13.98795pt too wide) in paragraph at lines 208--208
\OT1/cmr/m/n/10 of the lo-ca-tions of the LFE fam-i-lies, and of the lo-ca-tion
s of the seis-mic sta-tions. We can 
 []


Overfull \hbox (11.18233pt too wide) in paragraph at lines 208--208
\OT1/cmr/m/n/10 see that we have a good cov-er-age of the area, and most LFE fa
m-i-lies are sur-rounded by 
 []

Package epstopdf Info: Source file: <figures/map_LFEs.eps>
(epstopdf)                    date: 2021-08-07 16:50:54
(epstopdf)                    size: 92540 bytes
(epstopdf)             Output file: <figures/map_LFEs-eps-converted-to.pdf>
(epstopdf)                    date: 2021-08-07 16:50:54
(epstopdf)                    size: 24974 bytes
(epstopdf)             Command: <repstopdf --outfile=figures/map_LFEs-eps-conve
rted-to.pdf figures/map_LFEs.eps>
(epstopdf)             \includegraphics on input line 211.
Package epstopdf Info: Output file is already uptodate.
<figures/map_LFEs-eps-converted-to.pdf, id=24, 597.23125pt x 845.1575pt>
File: figures/map_LFEs-eps-converted-to.pdf Graphic file (type pdf)

<use figures/map_LFEs-eps-converted-to.pdf>
Package pdftex.def Info: figures/map_LFEs-eps-converted-to.pdf used on input li
ne 211.
(pdftex.def)             Requested size: 397.48499pt x 337.58829pt.
LaTeX Font Info:    External font `cmex10' loaded for size
(Font)              <9> on input line 212.

Underfull \hbox (badness 10000) in paragraph at lines 212--212
[]\OT1/cmr/bx/n/9 Figure  1. \OT1/cmr/m/n/9 Map show-ing the lo-ca-tion of the 
LFE fam-i-lies (back dots) and the seis-mic sta-tions
 []


Underfull \hbox (badness 10000) in paragraph at lines 212--212
\OT1/cmr/m/n/9 used in this study. Red tri-an-gles are the sta-tions from the F
AME ex-per-i-ment, green tri-an-gles are
 []


Underfull \hbox (badness 10000) in paragraph at lines 212--212
\OT1/cmr/m/n/9 one-component per-ma-nent sta-tions, blue tri-an-gles are three 
com-po-nents per-ma-nent sta-tions. Red
 []


Overfull \hbox (12.54347pt too wide) in paragraph at lines 216--217
[][]\OT1/cmr/m/n/10 Plourde et al.[] (2015) have kindly shared their LFE cat-a-
log with us. For each of 66 
 []


Overfull \hbox (9.93243pt too wide) in paragraph at lines 216--217
\OT1/cmr/m/n/10 LFE fam-i-lies they pro-vided hypocen-tral lo-ca-tions, lists o
f sta-tions and chan-nels used to 
 []


Overfull \hbox (9.34901pt too wide) in paragraph at lines 216--217
\OT1/cmr/m/n/10 de-tect LFEs, and the tim-ing of all LFE de-tec-tions.  []Plour
de et al.[] (2015) have later re- 
 []


Overfull \hbox (10.73799pt too wide) in paragraph at lines 216--217
\OT1/cmr/m/n/10 duced the num-ber of LFE fam-i-lies to 37, by group-ing to-geth
er fam-i-lies with many com- 
 []


Overfull \hbox (6.23785pt too wide) in paragraph at lines 216--217
\OT1/cmr/m/n/10 mon de-tec-tions, but we chose to use the ini-tial de-tec-tions
 to ex-tend the cat-a-log. Us-ing 
 []


Overfull \hbox (8.57117pt too wide) in paragraph at lines 216--217
\OT1/cmr/m/n/10 this dataset, we have cre-ated LFE tem-plates for each LFE fam-
ily and each seis-mic sta- 
 []


Overfull \hbox (16.59908pt too wide) in paragraph at lines 216--217
\OT1/cmr/m/n/10 tion and chan-nel. For a given LFE fam-ily, a given sta-tion an
d a given chan-nel, we down- 
 []


Overfull \hbox (1.23784pt too wide) in paragraph at lines 216--217
\OT1/cmr/m/n/10 loaded an 80-second-long seis-mic wave-form start-ing 10 sec-on
ds be-fore the LFE de-tec- 
 []


Overfull \hbox (4.87675pt too wide) in paragraph at lines 216--217
\OT1/cmr/m/n/10 tion time, we de-trended the data, ta-pered the first and last 
5 sec-onds of the data with 
 []


Overfull \hbox (0.23787pt too wide) in paragraph at lines 216--217
\OT1/cmr/m/n/10 a Hann win-dow, re-moved the in-stru-ment re-sponse, band-passe
d fil-ter be-tween 1.5 and 
 []


Overfull \hbox (6.5712pt too wide) in paragraph at lines 216--217
\OT1/cmr/m/n/10 9 Hz, re-sam-pled the data to 20 Hz, and cut the first and last
 10 sec-onds of data to ob- 
 []


Overfull \hbox (7.01567pt too wide) in paragraph at lines 216--217
\OT1/cmr/m/n/10 tain a one-minute-long tem-plate. We then lin-early stacked all
 the wave-forms af-ter nor- 
 []


Overfull \hbox (2.93234pt too wide) in paragraph at lines 216--217
\OT1/cmr/m/n/10 mal-iz-ing each wave-form with the root mean square (RMS) to ob
-tain a wave-form tem- 
 []


Overfull \hbox (0.84895pt too wide) in paragraph at lines 220--220
[]\OT1/cmr/m/n/10 We used a matched-filter al-go-rithm to de-tect LFEs. For a g
iven LFE fam-ily, we 
 []


Overfull \hbox (2.71004pt too wide) in paragraph at lines 220--220
\OT1/cmr/m/n/10 down-load one hour of seis-mic data. Then for each sta-tion and
 each chan-nel, we cross- 
 []


Overfull \hbox (6.7379pt too wide) in paragraph at lines 220--220
\OT1/cmr/m/n/10 correlate the one-hour long sig-nal with the one-minute-long te
m-plate for the given sta- 
 []


Overfull \hbox (4.54344pt too wide) in paragraph at lines 220--220
\OT1/cmr/m/n/10 tion and chan-nel. We scale the cor-re-la-tion co-ef-fi-cient b
y the stan-dard de-vi-a-tion so the 
 []


Overfull \hbox (8.18228pt too wide) in paragraph at lines 220--220
\OT1/cmr/m/n/10 value is 1 if the cor-re-la-tion is per-fect. As the signal-to-
noise ra-tio of the seis-mic data is 
 []


Overfull \hbox (6.73778pt too wide) in paragraph at lines 220--220
\OT1/cmr/m/n/10 low, we may not see ob-vi-ous peaks in the cross-correlation si
g-nal. How-ever, if we stack 
 []


Overfull \hbox (1.8489pt too wide) in paragraph at lines 220--220
\OT1/cmr/m/n/10 the cross-correlation sig-nals for all the chan-nels and all th
e sta-tions, we can see peaks 
 []


Overfull \hbox (8.90454pt too wide) in paragraph at lines 220--220
\OT1/cmr/m/n/10 ap-pear-ing. When-ever the value of the av-er-age cross-correla
tion is higher than a thresh- 
 []


Overfull \hbox (26.54346pt too wide) in paragraph at lines 220--220
\OT1/cmr/m/n/10 old (we chose a thresh-old equal to eight times the me-dian ab-
so-lute de-vi-a-tion of the stacked 
 []


Overfull \hbox (1.45447pt too wide) in paragraph at lines 220--220
\OT1/cmr/m/n/10 cross-correlation \OT1/cmr/bx/n/10 as was done by  []Shelly et 
al.[] (2007a)\OT1/cmr/m/n/10 ), we in-ferred that there is 
 []


Overfull \hbox (5.40462pt too wide) in paragraph at lines 220--220
\OT1/cmr/m/n/10 an LFE. As two peaks sep-a-rated by a short pe-riod of time may
 ac-tu-ally cor-re-spond to 
 []


Overfull \hbox (8.79341pt too wide) in paragraph at lines 220--220
\OT1/cmr/m/n/10 the same LFE, we kept only LFEs that are sep-a-rated by at leas
t one sec-ond and, when 
 []


Overfull \hbox (5.34889pt too wide) in paragraph at lines 220--220
\OT1/cmr/m/n/10 two LFEs are sep-a-rated by less than one sec-ond, we keep only
 the one with the higher 
 []


Overfull \hbox (5.43231pt too wide) in paragraph at lines 222--222
[]\OT1/cmr/m/n/10 We first looked for LFEs dur-ing the months of March and Apri
l 2008, which cor- 
 []


Overfull \hbox (11.59908pt too wide) in paragraph at lines 222--222
\OT1/cmr/m/n/10 re-spond to the pe-riod cov-ered by the cat-a-log from  []Plour
de et al.[] (2015), and com-pared 
 []


Overfull \hbox (12.2102pt too wide) in paragraph at lines 222--222
\OT1/cmr/m/n/10 our de-tec-tions with the ini-tial de-tec-tions from the orig-i
-nal cat-a-log of 66 fam-i-lies. For 19 
 []


Overfull \hbox (27.40456pt too wide) in paragraph at lines 222--222
\OT1/cmr/m/n/10 fam-i-lies, we re-cov-ered all the LFE de-tec-tions ini-tially 
present in the  []Plourde et al.[] (2015)'s 
 []


Overfull \hbox (13.12679pt too wide) in paragraph at lines 222--222
\OT1/cmr/m/n/10 cat-a-log. For 61 fam-i-lies, we re-cov-ered more than 90 % of 
the ini-tial LFE de-tec-tions. We 
 []


Overfull \hbox (4.12677pt too wide) in paragraph at lines 222--222
\OT1/cmr/m/n/10 also added 74 % more LFEs to the cat-a-log, but most of added L
FEs have a low cross- 
 []


Overfull \hbox (7.15454pt too wide) in paragraph at lines 222--222
\OT1/cmr/m/n/10 correlation value and may be false de-tec-tions. Fig-ure 2 show
s the cross-correlation val- 
 []


Overfull \hbox (1.21011pt too wide) in paragraph at lines 222--222
\OT1/cmr/m/n/10 ues for the LFEs in the orig-i-nal cat-a-log, and for the LFEs 
that we added to the cat-a- 
 []

[4] [5 <./figures/map_LFEs-eps-converted-to.pdf>]
Package epstopdf Info: Source file: <figures/hist.eps>
(epstopdf)                    date: 2020-10-20 09:51:38
(epstopdf)                    size: 55495 bytes
(epstopdf)             Output file: <figures/hist-eps-converted-to.pdf>
(epstopdf)                    date: 2021-08-07 16:50:54
(epstopdf)                    size: 20820 bytes
(epstopdf)             Command: <repstopdf --outfile=figures/hist-eps-converted
-to.pdf figures/hist.eps>
(epstopdf)             \includegraphics on input line 225.
Package epstopdf Info: Output file is already uptodate.

<figures/hist-eps-converted-to.pdf, id=41, 2168.1pt x 722.7pt>
File: figures/hist-eps-converted-to.pdf Graphic file (type pdf)

<use figures/hist-eps-converted-to.pdf>
Package pdftex.def Info: figures/hist-eps-converted-to.pdf used on input line 2
25.
(pdftex.def)             Requested size: 397.48499pt x 218.76476pt.

Underfull \hbox (badness 10000) in paragraph at lines 226--226
[]\OT1/cmr/bx/n/9 Figure  2. \OT1/cmr/m/n/9 Cross-correlation val-ues for LFEs 
added in the cat-a-log for fam-ily E (in-verted tri-an-
 []


Underfull \hbox (badness 10000) in paragraph at lines 226--226
\OT1/cmr/m/n/9 gle in Fig-ure 1) (left) and cross-correlation val-ues for LFEs 
in the orig-i-nal cat-a-log from  []Plourde
 []


Overfull \hbox (0.82127pt too wide) in paragraph at lines 230--230
[]\OT1/cmr/m/n/10 We then looked for LFEs dur-ing the pe-riod from July 2007 to
 June 2009, which 
 []


Overfull \hbox (0.51566pt too wide) in paragraph at lines 230--230
\OT1/cmr/m/n/10 cor-re-spond to the pe-riod when the FAME ex-per-i-ment was op-
er-at-ing. Us-ing a thresh- 
 []


Overfull \hbox (3.82123pt too wide) in paragraph at lines 230--230
\OT1/cmr/m/n/10 old equal to eight times the me-dian ab-so-lute de-vi-a-tion of
 the stacked cross-correlation 
 []


Overfull \hbox (1.12672pt too wide) in paragraph at lines 230--230
\OT1/cmr/m/n/10 may pro-duce false de-tec-tions, there-fore we fil-tered the LF
E de-tec-tion times be-fore vi- 
 []


Overfull \hbox (31.96014pt too wide) in paragraph at lines 230--230
\OT1/cmr/m/n/10 su-al-iz-ing the two-year-long cat-a-log. As the num-ber of sei
s-mic sta-tions record-ing may change 
 []


Overfull \hbox (13.7935pt too wide) in paragraph at lines 230--230
\OT1/cmr/m/n/10 with time as the sta-tions were pro-gres-sively in-stalled dur-
ing Sum-mer and Fall 2007, and 
 []


Overfull \hbox (13.21017pt too wide) in paragraph at lines 230--230
\OT1/cmr/m/n/10 then pro-gres-sively re-moved dur-ing May and June 2009, we kep
t only LFE de-tec-tions for 
 []


Overfull \hbox (8.04346pt too wide) in paragraph at lines 230--230
\OT1/cmr/m/n/10 which the prod-uct of the cross-correlation value by the num-be
r of sta-tions record-ing at 
 []


Overfull \hbox (7.62679pt too wide) in paragraph at lines 230--230
\OT1/cmr/m/n/10 that time is higher than a thresh-old. The thresh-old is thus d
if-fer-ent for each LFE fam- 
 []


Overfull \hbox (8.07127pt too wide) in paragraph at lines 230--230
\OT1/cmr/m/n/10 ily. The re-sult-ing LFE cat-a-log for the pe-riod 2007-2009 is
 shown in Fig-ure 3. For com- 
 []

Package epstopdf Info: Source file: <figures/tremor_nb_FAME_3.eps>
(epstopdf)                    date: 2021-08-07 16:50:54
(epstopdf)                    size: 341416 bytes
(epstopdf)             Output file: <figures/tremor_nb_FAME_3-eps-converted-to.
pdf>
(epstopdf)                    date: 2021-08-07 16:50:54
(epstopdf)                    size: 221017 bytes
(epstopdf)             Command: <repstopdf --outfile=figures/tremor_nb_FAME_3-e
ps-converted-to.pdf figures/tremor_nb_FAME_3.eps>
(epstopdf)             \includegraphics on input line 233.
Package epstopdf Info: Output file is already uptodate.
<figures/tremor_nb_FAME_3-eps-converted-to.pdf, id=43, 1445.4pt x 722.7pt>
File: figures/tremor_nb_FAME_3-eps-converted-to.pdf Graphic file (type pdf)

<use figures/tremor_nb_FAME_3-eps-converted-to.pdf>
Package pdftex.def Info: figures/tremor_nb_FAME_3-eps-converted-to.pdf used on 
input line 233.
(pdftex.def)             Requested size: 397.48499pt x 198.7376pt.
Missing character: There is no Â in font cmr9!
Missing character: There is no ° in font cmr9!
Missing character: There is no Â in font cmr9!
Missing character: There is no ° in font cmr9!

Underfull \hbox (badness 10000) in paragraph at lines 234--234
[]\OT1/cmr/bx/n/9 Figure  3. \OT1/cmr/m/n/9 LFE and tremor de-tec-tions as a fu
nc-tion of time and lat-i-tude. Red dots rep-re-sent
 []


Underfull \hbox (badness 10000) in paragraph at lines 234--234
\OT1/cmr/m/n/9 tremor de-tec-tions from the cat-a-log of  []Boyarko et al.[] (2
015). Black dots rep-re-sent days where
 []


Underfull \hbox (badness 10000) in paragraph at lines 234--234
\OT1/cmr/m/n/9 LFEs are de-tected for a given LFE fam-ily. The size of the blac
k dots are pro-por-tional to the
 []


Underfull \hbox (badness 10000) in paragraph at lines 234--234
\OT1/cmr/m/n/9 num-ber of LFEs de-tected dur-ing this day. The double-headed gr
ey ar-row rep-re-sents the time
 []


Underfull \hbox (badness 10000) in paragraph at lines 234--234
\OT1/cmr/m/n/9 pe-riod when the FAME ex-per-i-ment was op-er-at-ing at full ca-
pac-ity. LFE fam-i-lies south of 40 N
 []


Underfull \hbox (badness 10000) in paragraph at lines 234--234
\OT1/cmr/m/n/9 lat-i-tude are on the San An-dreas fault sys-tem. For clar-ity, 
we do not show the LFEs for the days
 []


Overfull \hbox (9.93231pt too wide) in paragraph at lines 238--238
[]\OT1/cmr/m/n/10 We note that there is a good spa-tial and tem-po-ral agree-me
nt be-tween tremor and 
 []


Overfull \hbox (30.46022pt too wide) in paragraph at lines 238--238
\OT1/cmr/m/n/10 LFEs, with LFEs de-tected dur-ing the main tremor episodes. Ad-
di-tional small LFE episodes 
 []


Overfull \hbox (0.37672pt too wide) in paragraph at lines 238--238
\OT1/cmr/m/n/10 are also de-tected be-tween big-ger tremor episodes. The LFE fa
m-i-lies lo-cated south on 
 []


Overfull \hbox (0.82117pt too wide) in paragraph at lines 238--238
\OT1/cmr/m/n/10 the strike-slip fault from the San An-dreas Fault sys-tem have 
much shorter re-cur-rence 
 []


Overfull \hbox (8.09914pt too wide) in paragraph at lines 238--238
\OT1/cmr/m/n/10 in-ter-vals than the LFE fam-i-lies lo-cated on the sub-duc-tio
n zone. Ad-di-tion-ally, one LFE 
 []


Overfull \hbox (2.79344pt too wide) in paragraph at lines 238--238
\OT1/cmr/m/n/10 fam-ily lo-cated on the south-ern end of the sub-duc-tion zone 
has also shorter re-cur-rence 
 []


Overfull \hbox (3.65462pt too wide) in paragraph at lines 238--238
\OT1/cmr/m/n/10 in-ter-vals than fam-i-lies lo-cated far-ther north, and be-hav
es more sim-i-larly to the strike- 
 []


Overfull \hbox (1.62672pt too wide) in paragraph at lines 240--240
[]\OT1/cmr/m/n/10 We then used the LFE de-tec-tions from the 2007-2009 cat-a-lo
g to make new tem- 
 []


Overfull \hbox (3.43228pt too wide) in paragraph at lines 240--240
\OT1/cmr/m/n/10 plates for the per-ma-nent sta-tions of the three seis-mic net-
works: Berke-ley Dig-i-tal Seis- 
 []


Overfull \hbox (16.5991pt too wide) in paragraph at lines 240--240
\OT1/cmr/m/n/10 mic Net-work (BK), North-ern Cal-i-for-nia Seis-mic Net-work (N
C), and Plate Bound-ary Ob- 
 []


Overfull \hbox (8.1269pt too wide) in paragraph at lines 240--240
\OT1/cmr/m/n/10 ser-va-tory Strain and Seis-mic Data (PB). For a given LFE fam-
ily, we took the 150 LFE 
 []


Overfull \hbox (12.48782pt too wide) in paragraph at lines 240--240
\OT1/cmr/m/n/10 de-tec-tion times with the best cross-correlation value, we dow
n-loaded one minute of seis- 
 []


Overfull \hbox (7.82124pt too wide) in paragraph at lines 240--240
\OT1/cmr/m/n/10 mic data around each de-tec-tion, and lin-early stacked the wav
e-forms to ob-tain the tem- 
 []


Overfull \hbox (7.37686pt too wide) in paragraph at lines 240--240
\OT1/cmr/m/n/10 plates. We looked for tem-plates for both one-component sta-tio
ns and three-component 
 []

[6 <./figures/hist-eps-converted-to.pdf>]
Overfull \hbox (7.90456pt too wide) in paragraph at lines 242--242
[]\OT1/cmr/m/n/10 For most fam-i-lies, we find that we can ob-tain good tem-pla
tes with signal-to-noise 
 []


Overfull \hbox (12.48793pt too wide) in paragraph at lines 242--242
\OT1/cmr/m/n/10 ra-tio for sev-eral sta-tions. Only nine fam-i-lies have four o
r less seis-mic sta-tions with good 
 []


Overfull \hbox (7.51576pt too wide) in paragraph at lines 242--242
\OT1/cmr/m/n/10 tem-plates. Ex-am-ples of tem-plates are given in Fig-ure 4 for
 sta-tion WDC and fam-ily A 
 []


Overfull \hbox (6.04346pt too wide) in paragraph at lines 242--242
\OT1/cmr/m/n/10 (square in Fig-ure 1). To ob-tain the above cat-a-log, we used 
one-minute-long tem-plates, 
 []


Overfull \hbox (2.62663pt too wide) in paragraph at lines 242--242
\OT1/cmr/m/n/10 which in-cluded noise be-fore and af-ter the seis-mic wave ar-r
ivals. To in-crease the cross- 
 []


Overfull \hbox (17.04341pt too wide) in paragraph at lines 242--242
\OT1/cmr/m/n/10 correlation val-ues be-tween the tem-plates and the data, we th
us re-duced the length of the 
 []


Overfull \hbox (7.4046pt too wide) in paragraph at lines 242--242
\OT1/cmr/m/n/10 tem-plates to 25 to 40 sec-onds, de-pend-ing on the max-i-mum d
is-tance from the source to 
 []


Overfull \hbox (3.04343pt too wide) in paragraph at lines 242--242
\OT1/cmr/m/n/10 the sta-tions. We did not use sta-tions more than 100 kilo-me-t
ers away from the epi-cen- 
 []


Overfull \hbox (4.62686pt too wide) in paragraph at lines 242--242
\OT1/cmr/m/n/10 ter of an LFE fam-ily, as the tem-plate would be un-likely to h
ave a good signal-to-noise 
 []


Overfull \hbox (8.37677pt too wide) in paragraph at lines 242--242
\OT1/cmr/m/n/10 ra-tio. We then used this new, shorter tem-plates for the per-m
a-nent sta-tions to make an 
 []

Package epstopdf Info: Source file: <figures/templates.eps>
(epstopdf)                    date: 2020-10-20 09:51:38
(epstopdf)                    size: 55533 bytes
(epstopdf)             Output file: <figures/templates-eps-converted-to.pdf>
(epstopdf)                    date: 2021-08-07 16:50:54
(epstopdf)                    size: 23187 bytes
(epstopdf)             Command: <repstopdf --outfile=figures/templates-eps-conv
erted-to.pdf figures/templates.eps>
(epstopdf)             \includegraphics on input line 245.
Package epstopdf Info: Output file is already uptodate.
<figures/templates-eps-converted-to.pdf, id=90, 1734.48pt x 433.62pt>
File: figures/templates-eps-converted-to.pdf Graphic file (type pdf)

<use figures/templates-eps-converted-to.pdf>
Package pdftex.def Info: figures/templates-eps-converted-to.pdf used on input l
ine 245.
(pdftex.def)             Requested size: 397.48499pt x 99.3666pt.

Underfull \hbox (badness 10000) in paragraph at lines 246--246
[]\OT1/cmr/bx/n/9 Figure  4. \OT1/cmr/m/n/9 Low-frequency earth-quake tem-plate
 for sta-tion WDC and fam-ily A (square in Fig-
 []


Underfull \hbox (badness 10000) in paragraph at lines 246--246
\OT1/cmr/m/n/9 ure 1) for the three chan-nels BHE, BHN and BHZ (left to right).
 We can clearly see a P-wave
 []


Underfull \hbox (badness 10000) in paragraph at lines 246--246
\OT1/cmr/m/n/9 ar-rival and an S-wave ar-rival about 7 sec-onds later. The P-wa
ve has a higher am-pli-tude on the
 []


Overfull \hbox (11.7657pt too wide) in paragraph at lines 252--252
[]\OT1/cmr/m/n/10 Once we have ob-tained a cat-a-log for the pe-riod 2007-2009 
us-ing the data from the 
 []


Overfull \hbox (10.07112pt too wide) in paragraph at lines 252--252
\OT1/cmr/m/n/10 per-ma-nent seis-mic net-works, we com-pare the LFE de-tec-tion
s be-tween the two cat-a-logs: 
 []


Overfull \hbox (5.26573pt too wide) in paragraph at lines 252--252
\OT1/cmr/m/n/10 the FAME cat-a-log (ob-tained with data from the FAME ex-per-i-
ment) and the net-works 
 []


Overfull \hbox (13.73798pt too wide) in paragraph at lines 252--252
\OT1/cmr/m/n/10 cat-a-log (ob-tained from data from the per-ma-nent net-works).
 As we may have many false 
 []


Overfull \hbox (17.8768pt too wide) in paragraph at lines 252--252
\OT1/cmr/m/n/10 de-tec-tions, we try to elim-i-nate some of them by as-sum-ing 
that LFEs present in both cat- 
 []


Overfull \hbox (1.54332pt too wide) in paragraph at lines 252--252
\OT1/cmr/m/n/10 a-logs are al-ways true de-tec-tions. Then we de-fine two thres
h-olds: the first thresh-old is 
 []


Overfull \hbox (12.79341pt too wide) in paragraph at lines 252--252
\OT1/cmr/m/n/10 cho-sen such that at least half the LFE de-tec-tions above the 
thresh-old in the FAME cat- 
 []


Overfull \hbox (0.59892pt too wide) in paragraph at lines 252--252
\OT1/cmr/m/n/10 a-log are also in the net-work cat-a-log, the sec-ond thresh-ol
d is cho-sen such that at least 
 []


Overfull \hbox (19.1268pt too wide) in paragraph at lines 252--252
\OT1/cmr/m/n/10 half the LFE de-tec-tions above the thresh-old in the net-work 
cat-a-log are also in the FAME 
 []


Overfull \hbox (4.87672pt too wide) in paragraph at lines 252--252
\OT1/cmr/m/n/10 cat-a-log. If we fil-ter the cat-a-logs and keep only de-tec-ti
ons above the thresh-olds, we are 
 []


Overfull \hbox (9.71008pt too wide) in paragraph at lines 252--252
\OT1/cmr/m/n/10 now con-fi-dent that at least half of the LFE de-tec-tions are 
true de-tec-tions. As the num- 
 []


Overfull \hbox (19.65459pt too wide) in paragraph at lines 252--252
\OT1/cmr/m/n/10 ber of sta-tions record-ing may vary over time (es-pe-cially fo
r the net-work cat-a-log), we keep 
 []


Overfull \hbox (20.68236pt too wide) in paragraph at lines 252--252
\OT1/cmr/m/n/10 only the LFE de-tec-tions such that the as-so-ci-ated cross cor
-re-la-tion mul-ti-plied by the num- 
 []


Overfull \hbox (1.65453pt too wide) in paragraph at lines 252--252
\OT1/cmr/m/n/10 ber of chan-nels record-ing at that time is higher than the thr
esh-old. Thus, if there are 
 []


Overfull \hbox (5.57118pt too wide) in paragraph at lines 252--252
\OT1/cmr/m/n/10 few sta-tions record-ings at some time, the cross cor-re-la-tio
n must be higher for the LFE 
 []


Overfull \hbox (15.57121pt too wide) in paragraph at lines 252--252
\OT1/cmr/m/n/10 to be con-sid-ered as a true de-tec-tion. We then com-pared the
 nor-mal-ized num-ber of LFEs 
 []


Overfull \hbox (3.23792pt too wide) in paragraph at lines 252--252
\OT1/cmr/m/n/10 ob-tained with the two cat-a-logs. Ex-am-ples are given in Fig-
ure 5 for fam-i-lies A (square 
 []


Overfull \hbox (4.51575pt too wide) in paragraph at lines 252--252
\OT1/cmr/m/n/10 in Fig-ure 1) and E (in-verted tri-an-gle in Fig-ure 1). Al-tho
ugh the num-ber of LFEs dur- 
 []


Overfull \hbox (4.87675pt too wide) in paragraph at lines 252--252
\OT1/cmr/m/n/10 ing each event may not be the same, we clearly see for fam-ily 
E that the tim-ing of the 
 []


Overfull \hbox (9.68228pt too wide) in paragraph at lines 252--252
\OT1/cmr/m/n/10 events are the same for both cat-a-logs. Fam-ily A has much sho
rter re-cur-rence times but 
 []


Overfull \hbox (0.51334pt too wide) in paragraph at lines 252--252
\OT1/cmr/m/n/10 most events \OT1/cmr/bx/n/10 are present in both cat-a-logs as 
well: forty events are present in 
 []


Overfull \hbox (6.5796pt too wide) in paragraph at lines 252--252
\OT1/cmr/bx/n/10 both cat-a-logs, three events are present in the FAME cat-a-lo
g but not in the 
 []


Overfull \hbox (13.28928pt too wide) in paragraph at lines 252--252
\OT1/cmr/bx/n/10 net-works cat-a-log and one event is present in the net-works 
cat-a-log but not in 
 []


Underfull \vbox (badness 1728) has occurred while \output is active []

 [7 <./figures/tremor_nb_FAME_3-eps-converted-to.pdf>]
Package epstopdf Info: Source file: <figures/cumulative.eps>
(epstopdf)                    date: 2021-08-07 16:50:54
(epstopdf)                    size: 37679 bytes
(epstopdf)             Output file: <figures/cumulative-eps-converted-to.pdf>
(epstopdf)                    date: 2021-08-07 16:50:54
(epstopdf)                    size: 22639 bytes
(epstopdf)             Command: <repstopdf --outfile=figures/cumulative-eps-con
verted-to.pdf figures/cumulative.eps>
(epstopdf)             \includegraphics on input line 255.
Package epstopdf Info: Output file is already uptodate.

<figures/cumulative-eps-converted-to.pdf, id=138, 722.7pt x 361.35pt>
File: figures/cumulative-eps-converted-to.pdf Graphic file (type pdf)

<use figures/cumulative-eps-converted-to.pdf>
Package pdftex.def Info: figures/cumulative-eps-converted-to.pdf used on input 
line 255.
(pdftex.def)             Requested size: 397.48499pt x 198.74312pt.

Underfull \hbox (badness 10000) in paragraph at lines 256--256
[]\OT1/cmr/bx/n/9 Figure  5. \OT1/cmr/m/n/9 Nor-mal-ized cu-mu-la-tive num-ber 
of LFEs over the pe-riod July 2007-July 2009 for
 []


Underfull \hbox (badness 10000) in paragraph at lines 256--256
\OT1/cmr/m/n/9 the FAME cat-a-log (red) and the net-work cat-a-log (blue) for f
am-ily A (square in Fig-ure 1) and
 []


Underfull \hbox (badness 10000) in paragraph at lines 256--256
\OT1/cmr/m/n/9 fam-ily E (in-verted tri-an-gle in Fig-ure 1). The cu-mu-la-tive
 num-ber of LFEs has been di-vided by
 []


Underfull \hbox (badness 10000) in paragraph at lines 256--256
\OT1/cmr/m/n/9 the to-tal num-ber of LFEs so that both curves start at 0 and en
d at 1, in or-der to get a bet-ter
 []


Overfull \hbox (15.59901pt too wide) in paragraph at lines 260--260
[]\OT1/cmr/m/n/10 For most of the fam-i-lies lo-cated on the sub-duc-tion zone,
 we ob-tained a good agree- 
 []


Overfull \hbox (17.849pt too wide) in paragraph at lines 260--260
\OT1/cmr/m/n/10 ment be-tween both cat-a-logs. We elim-i-nate two fam-i-lies fo
r which too few per-ma-nent sta- 
 []


Overfull \hbox (21.1546pt too wide) in paragraph at lines 260--260
\OT1/cmr/m/n/10 tions have good tem-plates, and it was not pos-si-ble to de-tec
t LFEs with the avail-able tem- 
 []


Overfull \hbox (6.68216pt too wide) in paragraph at lines 260--260
\OT1/cmr/m/n/10 plates. How-ever, we were able to de-tect most LFE events even 
with-out the pres-ence of 
 []


Overfull \hbox (12.09897pt too wide) in paragraph at lines 260--260
\OT1/cmr/m/n/10 the tem-po-rary sta-tions from the FAME net-work. We are thus c
on-fi-dent that we can de- 
 []


Overfull \hbox (20.46022pt too wide) in paragraph at lines 260--260
\OT1/cmr/m/n/10 tect LFEs be-fore 2007 and af-ter 2009. In the fol-low-ing, we 
fo-cus on the pe-riod 2004-2011. 
 []


Overfull \hbox (3.2657pt too wide) in paragraph at lines 260--260
\OT1/cmr/m/n/10 In Novem-ber 2011, sev-eral one-component sta-tions stopped rec
ord-ing and the num-ber 
 []


Overfull \hbox (8.68234pt too wide) in paragraph at lines 260--260
\OT1/cmr/m/n/10 of avail-able sta-tions started de-creas-ing, which is why we d
id not look for LFE event af- 
 []


Overfull \hbox (10.71017pt too wide) in paragraph at lines 260--260
\OT1/cmr/m/n/10 ter that date. The re-sult-ing LFE cat-a-log for the pe-riod 20
04-2011 is shown in Fig-ure 6. 
 []


Overfull \hbox (11.57127pt too wide) in paragraph at lines 260--260
\OT1/cmr/m/n/10 For com-par-i-son, we also plot-ted the tremor de-tec-tion time
s from  []Boyarko et al.[] (2015). 
 []

[8 <./figures/templates-eps-converted-to.pdf> <./figures/cumulative-eps-convert
ed-to.pdf>]
Package epstopdf Info: Source file: <figures/tremor_nb_perm_3.eps>
(epstopdf)                    date: 2021-08-07 16:50:54
(epstopdf)                    size: 1859646 bytes
(epstopdf)             Output file: <figures/tremor_nb_perm_3-eps-converted-to.
pdf>
(epstopdf)                    date: 2021-08-07 16:50:54
(epstopdf)                    size: 821814 bytes
(epstopdf)             Command: <repstopdf --outfile=figures/tremor_nb_perm_3-e
ps-converted-to.pdf figures/tremor_nb_perm_3.eps>
(epstopdf)             \includegraphics on input line 263.
Package epstopdf Info: Output file is already uptodate.

<figures/tremor_nb_perm_3-eps-converted-to.pdf, id=220, 1445.4pt x 722.7pt>
File: figures/tremor_nb_perm_3-eps-converted-to.pdf Graphic file (type pdf)

<use figures/tremor_nb_perm_3-eps-converted-to.pdf>
Package pdftex.def Info: figures/tremor_nb_perm_3-eps-converted-to.pdf used on 
input line 263.
(pdftex.def)             Requested size: 397.48499pt x 198.7376pt.

Underfull \hbox (badness 10000) in paragraph at lines 264--264
[]\OT1/cmr/bx/n/9 Figure  6. \OT1/cmr/m/n/9 LFE and tremor de-tec-tions as a fu
nc-tion of time and lat-i-tude. Red dots rep-re-sent
 []


Underfull \hbox (badness 10000) in paragraph at lines 264--264
\OT1/cmr/m/n/9 tremor de-tec-tions from the cat-a-log of  []Boyarko et al.[] (2
015). Black dots rep-re-sent days where
 []


Underfull \hbox (badness 10000) in paragraph at lines 264--264
\OT1/cmr/m/n/9 LFEs are de-tected for a given LFE fam-ily. The size of the blac
k dots are pro-por-tional to the
 []


Underfull \hbox (badness 10000) in paragraph at lines 264--264
\OT1/cmr/m/n/9 num-ber of LFEs de-tected dur-ing this day. For clar-ity, we do 
not show the LFEs for the days
 []

Package epstopdf Info: Source file: <figures/zoom_ETS_events.eps>
(epstopdf)                    date: 2021-08-07 16:50:54
(epstopdf)                    size: 575926 bytes
(epstopdf)             Output file: <figures/zoom_ETS_events-eps-converted-to.p
df>
(epstopdf)                    date: 2021-08-07 16:50:54
(epstopdf)                    size: 340052 bytes
(epstopdf)             Command: <repstopdf --outfile=figures/zoom_ETS_events-ep
s-converted-to.pdf figures/zoom_ETS_events.eps>
(epstopdf)             \includegraphics on input line 269.
Package epstopdf Info: Output file is already uptodate.
<figures/zoom_ETS_events-eps-converted-to.pdf, id=222, 2168.1pt x 722.7pt>
File: figures/zoom_ETS_events-eps-converted-to.pdf Graphic file (type pdf)

<use figures/zoom_ETS_events-eps-converted-to.pdf>
Package pdftex.def Info: figures/zoom_ETS_events-eps-converted-to.pdf used on i
nput line 269.
(pdftex.def)             Requested size: 397.48499pt x 132.48438pt.

Underfull \hbox (badness 10000) in paragraph at lines 270--270
[]\OT1/cmr/bx/n/9 Figure  7. \OT1/cmr/m/n/9 LFE and tremor de-tec-tions as a fu
nc-tion of time and lat-i-tude for six ETS events.
 []


Underfull \hbox (badness 10000) in paragraph at lines 270--270
\OT1/cmr/m/n/9 Red dots rep-re-sent tremor de-tec-tions from the cat-a-log of  
[]Boyarko et al.[] (2015). Black dots
 []


Underfull \hbox (badness 10000) in paragraph at lines 270--270
\OT1/cmr/m/n/9 rep-re-sent days where LFEs are de-tected for a given LFE fam-il
y. The size of the black dots are
 []


Underfull \hbox (badness 10000) in paragraph at lines 270--270
\OT1/cmr/m/n/9 pro-por-tional to the num-ber of LFEs de-tected dur-ing this day
. For clar-ity, we do not show the
 []


Underfull \hbox (badness 10000) in paragraph at lines 270--270
\OT1/cmr/m/n/9 LFEs for the days when there are less than three LFEs. \OT1/cmr/
bx/n/9 The tremor cat-a-log of  []Boyarko et
 []


Underfull \hbox (badness 10000) in paragraph at lines 270--270
\OT1/cmr/bx/n/9 al.[] (2015) starts in 2005. This is why no tremor de-tec-tions
 can be shown or the two
 []


Overfull \hbox (18.3768pt too wide) in paragraph at lines 276--276
[]\OT1/cmr/m/n/10 We were able to de-tect LFE events prop-a-gat-ing from North 
to South or from South 
 []


Overfull \hbox (4.15453pt too wide) in paragraph at lines 276--276
\OT1/cmr/m/n/10 to North when-ever there is a tremor episode in the  []Boyarko 
et al.[] (2015) cat-a-log. We 
 []


Overfull \hbox (4.73787pt too wide) in paragraph at lines 276--276
\OT1/cmr/m/n/10 were also able to de-tect sev-eral LFE episodes in 2004-2005 be
-fore the be-gin-ning of the 
 []


Overfull \hbox (4.29358pt too wide) in paragraph at lines 276--276
[]\OT1/cmr/m/n/10 Boyarko et al.[] (2015) cat-a-log. In par-tic-u-lar, the LFE 
event in Jan-uary 2005 prop-a-gat- 
 []


Overfull \hbox (4.40462pt too wide) in paragraph at lines 276--276
\OT1/cmr/m/n/10 ing South to North from lat-i-tude 40.1 to lat-i-tude 41.2 is a
lso present in the ETS cat-a- 
 []


Overfull \hbox (2.71014pt too wide) in paragraph at lines 276--276
\OT1/cmr/m/n/10 log from  []Brudzinski and Allen (2007). We also see one LFE ev
ent in May-June 2004, 
 []


Overfull \hbox (2.57137pt too wide) in paragraph at lines 276--276
\OT1/cmr/m/n/10 prop-a-gat-ing South to North from lat-i-tude 40.1 to 41.6, and
 one LFE event in Novem- 
 []


Overfull \hbox (20.43246pt too wide) in paragraph at lines 276--276
\OT1/cmr/m/n/10 ber 2004, prop-a-gat-ing North to South from lat-i-tude 41.6 to
 40.4. The first of these events 
 []


Overfull \hbox (8.57126pt too wide) in paragraph at lines 276--276
\OT1/cmr/m/n/10 is also in the ETS cat-a-log from  []Brudzinski and Allen (2007
). The main char-ac-ter-is-tics 
 []


Overfull \hbox (31.82143pt too wide) in paragraph at lines 281--293
 [][] 
 []


LaTeX Warning: Citation `MIY_2008' undefined on input line 295.


Overfull \hbox (1.18225pt too wide) in paragraph at lines 295--295
[]\OT1/cmr/m/n/10 It is known than tec-tonic tremor can be trig-gered by sur-fa
ce waves from dis-tant 
 []


Overfull \hbox (3.7379pt too wide) in paragraph at lines 295--295
\OT1/cmr/m/n/10 and re-gional earth-quakes, as has been ob-served in Cas-ca-dia
  []Rubinstein et al.[], 2009), 
 []


Overfull \hbox (9.02913pt too wide) in paragraph at lines 295--295
\OT1/cmr/m/n/10 the San An-dreas  []Peng et al.[], 2009; Guil-hem et al.[], 201
0), and Nankai  []\OT1/cmr/bx/n/10 ?, ?; Han et 
 []


Overfull \hbox (12.96677pt too wide) in paragraph at lines 295--295
\OT1/cmr/bx/n/10 al.[], 2014)\OT1/cmr/m/n/10 . LFE ac-tiv-ity on the San An-dre
as fault also in-creased dur-ing sev-eral months 
 []


Overfull \hbox (9.0991pt too wide) in paragraph at lines 295--295
\OT1/cmr/m/n/10 af-ter the 2004 Park-field earth-quake  []Shelly, 2017). We loo
ked for re-gional earth-quakes 
 []


Overfull \hbox (17.51576pt too wide) in paragraph at lines 295--295
\OT1/cmr/m/n/10 with mag-ni-tude higher than 5 dur-ing the pe-riod cov-ered by 
the cat-a-log to ver-ify whether 
 []


Overfull \hbox (15.4323pt too wide) in paragraph at lines 295--295
\OT1/cmr/m/n/10 this phe-nomenon is also ob-served in south-ern Cas-ca-dia. The
 char-ac-ter-is-tics of the earth- 
 []


Overfull \hbox (0.96007pt too wide) in paragraph at lines 295--295
\OT1/cmr/m/n/10 quakes we looked at are given in Ta-ble 2. We also looked at di
s-tant earth-quakes with 
 []

[9 <./figures/tremor_nb_perm_3-eps-converted-to.pdf>] [10 <./figures/zoom_ETS_e
vents-eps-converted-to.pdf>]
Overfull \hbox (11.65451pt too wide) in paragraph at lines 330--330
[]\OT1/cmr/m/n/10 Although we ob-serve an in-crease in LFE ac-tiv-ity for some 
fam-i-lies sev-eral days af- 
 []


Overfull \hbox (6.29338pt too wide) in paragraph at lines 330--330
\OT1/cmr/m/n/10 ter the earth-quakes (ex-cept the 2008 one where no ac-tiv-ity 
is ob-served af-ter the earth- 
 []


Overfull \hbox (10.5157pt too wide) in paragraph at lines 330--330
\OT1/cmr/m/n/10 quake), it does not seem that this ac-tiv-ity is linked to the 
earth-quake. In-deed, the LFE 
 []


Overfull \hbox (0.51561pt too wide) in paragraph at lines 330--330
\OT1/cmr/m/n/10 events oc-cur a few days af-ter the earth-quake and not im-me-d
i-ately af-ter as is the case 
 []


Overfull \hbox (15.76573pt too wide) in paragraph at lines 330--330
\OT1/cmr/m/n/10 for the Park-field earth-quake, and they af-fect only a few fam
-i-lies. The rea-son may be due 
 []


Overfull \hbox (14.46008pt too wide) in paragraph at lines 330--330
\OT1/cmr/m/n/10 to the dis-tance be-tween the LFE fam-i-lies and the epi-cen-te
rs of the re-gional earth-quakes. 
 []


Overfull \hbox (8.93236pt too wide) in paragraph at lines 330--330
\OT1/cmr/m/n/10 In-deed, for the Park-field earth-quake, an in-crease in LFE ac
-tiv-ity was ob-served for LFE 
 []


Overfull \hbox (13.01569pt too wide) in paragraph at lines 330--330
\OT1/cmr/m/n/10 fam-i-lies up to 45km away from the epi-cen-ter, but not far-th
er away. More-over, the Park- 
 []


Overfull \hbox (4.90457pt too wide) in paragraph at lines 330--330
\OT1/cmr/m/n/10 field earth-quake was more shal-low (8.1km deep) than the re-gi
onal earth-quakes used in 
 []


Overfull \hbox (12.65457pt too wide) in paragraph at lines 330--330
\OT1/cmr/m/n/10 the San An-dreas LFE fam-i-lies was ob-served in the hours fol-
low-ing the earth-quake. This 
 []


Overfull \hbox (14.65453pt too wide) in paragraph at lines 330--330
\OT1/cmr/m/n/10 was also a shal-low earth-quake (8.4km deep) but the epi-cen-te
r was far-ther away from the 
 []


Overfull \hbox (6.37679pt too wide) in paragraph at lines 330--330
\OT1/cmr/m/n/10 LFE fam-i-lies (60 to 100 km). For south-ern Cas-ca-dia, the cl
os-est epi-cen-ter (2008) is lo- 
 []


Overfull \hbox (2.21008pt too wide) in paragraph at lines 330--330
\OT1/cmr/m/n/10 cated 50 km away from the clos-est LFE fam-i-lies. Based on wha
t was ob-served for the 
 []


Overfull \hbox (4.79352pt too wide) in paragraph at lines 330--330
\OT1/cmr/m/n/10 San An-dreas LFE fam-i-lies, this dis-tance may be too large fo
r a re-gional earth-quake to 
 []


Overfull \hbox (10.07123pt too wide) in paragraph at lines 330--330
\OT1/cmr/m/n/10 trig-ger an in-crease in LFE ac-tiv-ity. We do not see any chan
ge in LFE ac-tiv-ity af-ter the 
 []


Overfull \hbox (16.98787pt too wide) in paragraph at lines 330--330
\OT1/cmr/m/n/10 large tele-seis-mic earth-quakes. There was not any change in L
FE ac-tiv-ity for the San An- 
 []


Overfull \hbox (35.93233pt too wide) in paragraph at lines 332--332
[]\OT1/cmr/m/n/10 In north-ern Cas-ca-dia, it has been ob-served that there is 
an in-crease in ac-tiv-ity downdip 
 []


Overfull \hbox (17.82133pt too wide) in paragraph at lines 332--332
\OT1/cmr/m/n/10 of the plate bound-ary com-pared to up dip, both for tremor  []
Wech & Crea-ger, 2011) and 
 []


Overfull \hbox (0.65442pt too wide) in paragraph at lines 332--332
\OT1/cmr/m/n/10 LFEs  []Sweet et al.[], 2019). We want to ver-ify whether we ca
n see an in-crease of LFE 
 []


Overfull \hbox (7.01581pt too wide) in paragraph at lines 332--332
\OT1/cmr/m/n/10 ac-tiv-ity for the downdip LFE fam-i-lies com-pared to the up-d
ip LFE fam-i-lies. Most fam- 
 []


Overfull \hbox (7.98787pt too wide) in paragraph at lines 332--332
\OT1/cmr/m/n/10 i-lies in the north-ern and cen-tral part of the study area are
 well aligned along the strike 
 []


Overfull \hbox (12.46013pt too wide) in paragraph at lines 332--332
\OT1/cmr/m/n/10 di-rec-tion, how-ever fam-i-lies in the south-ern part of the s
ub-duc-tion zone are more dis-tant 
 []


Overfull \hbox (6.48799pt too wide) in paragraph at lines 332--332
\OT1/cmr/m/n/10 from each other. We first look at three fam-i-lies aligned at l
at-i-tude about 40.4N (group 
 []


Overfull \hbox (18.73796pt too wide) in paragraph at lines 332--332
\OT1/cmr/m/n/10 B, tri-an-gles in Fig-ure 1) and show the num-ber of LFEs per d
ay in the left col-umn of Fig- 
 []


Overfull \hbox (13.07137pt too wide) in paragraph at lines 332--332
\OT1/cmr/m/n/10 ure 8. We then look at five fam-i-lies aligned at lat-i-tude ab
out 40.7N (group C, di-a-monds 
 []


Overfull \hbox (1.87683pt too wide) in paragraph at lines 332--332
\OT1/cmr/m/n/10 in Fig-ure 1) and show the num-ber of LFEs per day in the mid-d
le col-umn of Fig-ure 8. 
 []


Overfull \hbox (2.14082pt too wide) in paragraph at lines 332--332
\OT1/cmr/m/n/10 Fi-nally, we look at five fam-i-lies aligned at lat-i-tude abou
t 41.05N (group G, pen-tagons 
 []


Overfull \hbox (12.34906pt too wide) in paragraph at lines 332--332
\OT1/cmr/m/n/10 in Fig-ure 1) and show the num-ber of LFEs per day in the right
 col-umn of Fig-ure 8. For 
 []


Overfull \hbox (9.099pt too wide) in paragraph at lines 332--332
\OT1/cmr/m/n/10 all three sets of fam-i-lies, LFE events are more fre-quent for
 the east-ern-most fam-ily than 
 []


Overfull \hbox (25.07118pt too wide) in paragraph at lines 332--332
\OT1/cmr/m/n/10 for the west-ern-most fam-ily, as was also the case in north-er
n Cas-ca-dia  []Sweet et al.[], 2019). 
 []


Overfull \hbox (9.48787pt too wide) in paragraph at lines 332--332
\OT1/cmr/m/n/10 It is more dif-fi-cult to com-pare event size and swarm du-ra-t
ion as the num-ber of sta-tions 
 []


Overfull \hbox (5.62685pt too wide) in paragraph at lines 332--332
\OT1/cmr/m/n/10 and the qual-ity of the tem-plates are dif-fer-ent from each fa
m-ily, and may have a strong 
 []


Overfull \hbox (4.51564pt too wide) in paragraph at lines 332--332
\OT1/cmr/m/n/10 in-flu-ence on the num-ber of LFEs de-tected. To sum-ma-rize th
e find-ings, we plot in Fig- 
 []


Overfull \hbox (23.12679pt too wide) in paragraph at lines 332--332
\OT1/cmr/m/n/10 ure 9 the num-ber of LFE events as a func-tion of the dis-tance
 in the east-ern di-rec-tion from 
 []


Overfull \hbox (5.23781pt too wide) in paragraph at lines 332--332
\OT1/cmr/m/n/10 the up-per limit of the tremor. We clearly see that the num-ber
 of events in-creases with 
 []


Overfull \hbox (5.93237pt too wide) in paragraph at lines 332--332
\OT1/cmr/m/n/10 the down dip dis-tance. The south-ern-most fam-ily A is also ad
ded in Fig-ure 9, but does 
 []

[11]
Package epstopdf Info: Source file: <figures/set_daily_LFEs.eps>
(epstopdf)                    date: 2021-08-07 16:50:54
(epstopdf)                    size: 3858879 bytes
(epstopdf)             Output file: <figures/set_daily_LFEs-eps-converted-to.pd
f>
(epstopdf)                    date: 2021-08-07 16:50:54
(epstopdf)                    size: 238761 bytes
(epstopdf)             Command: <repstopdf --outfile=figures/set_daily_LFEs-eps
-converted-to.pdf figures/set_daily_LFEs.eps>
(epstopdf)             \includegraphics on input line 335.
Package epstopdf Info: Output file is already uptodate.

<figures/set_daily_LFEs-eps-converted-to.pdf, id=305, 1734.48pt x 1084.05pt>
File: figures/set_daily_LFEs-eps-converted-to.pdf Graphic file (type pdf)

<use figures/set_daily_LFEs-eps-converted-to.pdf>
Package pdftex.def Info: figures/set_daily_LFEs-eps-converted-to.pdf used on in
put line 335.
(pdftex.def)             Requested size: 397.48499pt x 248.41649pt.

Underfull \hbox (badness 10000) in paragraph at lines 336--336
[]\OT1/cmr/bx/n/9 Figure  8. \OT1/cmr/m/n/9 Left: Daily num-ber of LFEs over th
e pe-riod 2004-2011 for the three LFE fam-i-lies
 []


Underfull \hbox (badness 10000) in paragraph at lines 336--336
\OT1/cmr/m/n/9 in group C (tri-an-gles in Fig-ure 1). Mid-dle: Daily num-ber of
 LFEs for the five LFE fam-i-lies in
 []


Underfull \hbox (badness 10000) in paragraph at lines 336--336
\OT1/cmr/m/n/9 group D (di-a-monds in Fig-ure 1). Right: Daily num-ber of LFEs 
for the five LFE fam-i-lies in group
 []


Underfull \hbox (badness 10000) in paragraph at lines 336--336
\OT1/cmr/m/n/9 E (pen-tagons in Fig-ure 1). Down-dip fam-i-lies (lower rows) ty
p-i-cally have far more LFE swarms
 []

Package epstopdf Info: Source file: <figures/nb_LFE_events.eps>
(epstopdf)                    date: 2021-08-07 16:50:54
(epstopdf)                    size: 25008 bytes
(epstopdf)             Output file: <figures/nb_LFE_events-eps-converted-to.pdf
>
(epstopdf)                    date: 2021-08-07 16:50:54
(epstopdf)                    size: 20730 bytes
(epstopdf)             Command: <repstopdf --outfile=figures/nb_LFE_events-eps-
converted-to.pdf figures/nb_LFE_events.eps>
(epstopdf)             \includegraphics on input line 341.
Package epstopdf Info: Output file is already uptodate.
<figures/nb_LFE_events-eps-converted-to.pdf, id=307, 578.16pt x 578.16pt>
File: figures/nb_LFE_events-eps-converted-to.pdf Graphic file (type pdf)

<use figures/nb_LFE_events-eps-converted-to.pdf>
Package pdftex.def Info: figures/nb_LFE_events-eps-converted-to.pdf used on inp
ut line 341.
(pdftex.def)             Requested size: 397.48499pt x 397.48402pt.

Underfull \hbox (badness 10000) in paragraph at lines 342--342
[]\OT1/cmr/bx/n/9 Figure  9. \OT1/cmr/m/n/9 Num-ber of LFE events as a func-tio
n of dis-tance in the east-ern di-rec-tion from the
 []


Underfull \hbox (badness 10000) in paragraph at lines 342--342
\OT1/cmr/m/n/9 up-per limit of tremor for the three LFE fam-i-lies in group B (
tri-an-gles in Fig-ure 1), the five LFE
 []


Underfull \hbox (badness 10000) in paragraph at lines 342--342
\OT1/cmr/m/n/9 fam-i-lies in group C (di-a-monds in Fig-ure 1), and the five LF
E fam-i-lies in group G (pen-tagons in
 []


Overfull \hbox (15.3212pt too wide) in paragraph at lines 346--347
[]\OT1/cmr/m/n/10 The oc-cur-rence and am-pli-tude of tec-tonic tremor can be m
od-u-lated by small stress 
 []


Overfull \hbox (20.35521pt too wide) in paragraph at lines 346--347
\OT1/cmr/m/n/10 changes (about 1 kPa) as-so-ci-ated with ocean or solid earth t
ides  []\OT1/cmr/bx/n/10 Shelly et al.[], 2007b; 
 []


Overfull \hbox (7.83665pt too wide) in paragraph at lines 346--347
\OT1/cmr/bx/n/10 Hous-ton et al.[], 2011; Hous-ton, 2015)\OT1/cmr/m/n/10 . Sen-
si-tiv-ity of LFE fam-i-lies ac-tiv-ity to tidal 
 []


Overfull \hbox (13.07117pt too wide) in paragraph at lines 346--347
\OT1/cmr/m/n/10 stress changes has also been ob-served in north-ern Cas-ca-dia 
 []Royer et al.[], 2015), and on 
 []


Overfull \hbox (5.09895pt too wide) in paragraph at lines 346--347
\OT1/cmr/m/n/10 the San An-dreas fault  []Thomas et al.[], 2012). We used cal-c
u-lated stresses from elas-tic 
 []


Overfull \hbox (7.01575pt too wide) in paragraph at lines 346--347
\OT1/cmr/m/n/10 de-for-ma-tions due to both wa-ter loads and body tides in the 
solid Earth along the Cas- 
 []


Overfull \hbox (7.73793pt too wide) in paragraph at lines 346--347
\OT1/cmr/m/n/10 ca-dia sub-duc-tion zone. The stress com-pu-ta-tion is done fol
-low-ing the method de-scribed 
 []


Overfull \hbox (6.3212pt too wide) in paragraph at lines 346--347
\OT1/cmr/m/n/10 in  []Houston (2015). The re-sult-ing full stress ten-sors are 
pro-jected to nor-mal and shear 
 []


Overfull \hbox (16.59883pt too wide) in paragraph at lines 346--347
\OT1/cmr/m/n/10 (in the plate con-ver-gence di-rec-tion) stresses on the in-ter
-face, as well as mean stress (one- 
 []


Overfull \hbox (8.76564pt too wide) in paragraph at lines 346--347
\OT1/cmr/m/n/10 third the ten-sor trace). The change in Coulomb stress (pos-i-t
ive pro-motes shear fail-ure) 
 []


Overfull \hbox (9.75858pt too wide) in paragraph at lines 354--355
[]\OT1/cmr/m/n/10 where $^^A\OML/cmm/m/it/10 ^^\$ \OT1/cmr/m/n/10 is the change
 in shear stress on the fault plane in the slip di-rec-tion, $^^A\OML/cmm/m/it/
10 ^^[$ 
 []


Overfull \hbox (2.29106pt too wide) in paragraph at lines 354--355
\OT1/cmr/m/n/10 is the change in fault nor-mal stress (pos-i-tive is ten-sile),
 $\OML/cmm/m/it/10 ^^V$ \OT1/cmr/m/n/10 is the co-ef-fi-cient of in-trin-sic 
 []


Overfull \hbox (19.746pt too wide) in paragraph at lines 354--355
\OT1/cmr/m/n/10 fric-tion, $^^A\OML/cmm/m/it/10 ^^[[]$ \OT1/cmr/m/n/10 is the c
hange in mean stress and $\OML/cmm/m/it/10 B$ \OT1/cmr/m/n/10 is the Skemp-ton'
s co-ef-fi-cient  []Houston, 
 []


Overfull \hbox (15.90453pt too wide) in paragraph at lines 354--355
\OT1/cmr/m/n/10 co-ef-fi-cient. We then di-vided the val-ues of tidal Coulomb s
tress change into 20 stress bins 
 []


Overfull \hbox (2.7935pt too wide) in paragraph at lines 354--355
\OT1/cmr/m/n/10 and com-puted for each LFE fam-ily the num-ber of LFEs oc-cur-r
ing at a time when the 
 []


Overfull \hbox (1.54338pt too wide) in paragraph at lines 354--355
\OT1/cmr/m/n/10 value of the stress was in a given bin. We also com-puted what 
would be the ex-pected 
 []


Overfull \hbox (9.96013pt too wide) in paragraph at lines 354--355
\OT1/cmr/m/n/10 num-ber of LFEs oc-cur-ring if the tidal stress changes have no
 in-flu-ence on LFE ac-tiv-ity. 
 []


Overfull \hbox (8.01572pt too wide) in paragraph at lines 354--355
\OT1/cmr/m/n/10 As noted by  []Houston (2015), tremor sen-si-tiv-ity to stress 
per-tur-ba-tions changes dur-ing 
 []


Overfull \hbox (14.79335pt too wide) in paragraph at lines 354--355
\OT1/cmr/m/n/10 an ETS event, with an in-crease in sen-si-tiv-ity to tidal stre
ss as slip ac-cu-mu-lates over sev- 
 []


Overfull \hbox (5.9323pt too wide) in paragraph at lines 354--355
\OT1/cmr/m/n/10 eral days. We thus choose to only con-sider the later part of t
he 2008 ETS event, us-ing 
 []


Overfull \hbox (13.65463pt too wide) in paragraph at lines 354--355
\OT1/cmr/m/n/10 only LFEs that oc-curred be-tween 1.5 and 11.5 days af-ter the 
ar-rival of the tremor front. 
 []


Overfull \hbox (13.6267pt too wide) in paragraph at lines 354--355
\OT1/cmr/m/n/10 As there are only a few LFEs, it is not al-ways ob-vi-ous to se
e the in-flu-ence of tidal stress 
 []


Overfull \hbox (6.43234pt too wide) in paragraph at lines 354--355
\OT1/cmr/m/n/10 on LFE ac-tiv-ity. How-ever, Fig-ure 10 shows the num-ber of LF
Es oc-cur-ring dur-ing each 
 []


Overfull \hbox (14.65459pt too wide) in paragraph at lines 354--355
\OT1/cmr/m/n/10 stress bin (blue bars) and the ex-pected num-ber of LFEs (black
 line) for six fam-i-lies with 
 []


Overfull \hbox (1.46016pt too wide) in paragraph at lines 354--355
\OT1/cmr/m/n/10 a rel-a-tively high num-ber of LFEs. For most of the fam-i-lies
, a pos-i-tive Coulomb stress 
 []


Overfull \hbox (1.76567pt too wide) in paragraph at lines 354--355
\OT1/cmr/m/n/10 change (pro-mot-ing shear fail-ure) is as-so-ci-ated with an in
-crease in LFE ac-tiv-ity. How- 
 []


Overfull \hbox (28.98795pt too wide) in paragraph at lines 354--355
\OT1/cmr/m/n/10 ever, this is not the case for the south-ern-most LFE fam-ily A
, for which a neg-a-tive Coulomb 
 []


Overfull \hbox (10.46005pt too wide) in paragraph at lines 354--355
\OT1/cmr/m/n/10 stress change is as-so-ci-ated with an in-crease in LFE ac-tiv-
ity. To bet-ter high-light the be- 
 []


Overfull \hbox (3.84904pt too wide) in paragraph at lines 354--355
\OT1/cmr/m/n/10 hav-ior of fam-ily A, we also con-sider the whole LFE cat-a-log
 and plot the ob-served and 
 []


Overfull \hbox (4.82117pt too wide) in paragraph at lines 354--355
\OT1/cmr/m/n/10 ex-pected num-ber of LFEs as a func-tion of tidal stress. We cl
early see that these LFEs 
 []


Overfull \hbox (7.04344pt too wide) in paragraph at lines 354--355
\OT1/cmr/m/n/10 tend to oc-cur dur-ing times when pre-dicted tidal Coulomb stre
ss is dis-cour-ag-ing slip on 
 []


Overfull \hbox (11.51578pt too wide) in paragraph at lines 354--355
\OT1/cmr/m/n/10 the plate bound-ary. We hy-poth-e-size that LFE fam-ily A may n
ot be lo-cated on the sub- 
 []


Underfull \vbox (badness 6220) has occurred while \output is active []

 [12 <./figures/set_daily_LFEs-eps-converted-to.pdf>] [13 <./figures/nb_LFE_eve
nts-eps-converted-to.pdf>]
Package epstopdf Info: Source file: <figures/coulomb.eps>
(epstopdf)                    date: 2021-08-07 16:50:54
(epstopdf)                    size: 63798 bytes
(epstopdf)             Output file: <figures/coulomb-eps-converted-to.pdf>
(epstopdf)                    date: 2021-08-07 16:50:54
(epstopdf)                    size: 21732 bytes
(epstopdf)             Command: <repstopdf --outfile=figures/coulomb-eps-conver
ted-to.pdf figures/coulomb.eps>
(epstopdf)             \includegraphics on input line 357.
Package epstopdf Info: Output file is already uptodate.

<figures/coulomb-eps-converted-to.pdf, id=399, 2023.56pt x 722.7pt>
File: figures/coulomb-eps-converted-to.pdf Graphic file (type pdf)

<use figures/coulomb-eps-converted-to.pdf>
Package pdftex.def Info: figures/coulomb-eps-converted-to.pdf used on input lin
e 357.
(pdftex.def)             Requested size: 397.48499pt x 141.957pt.

Underfull \hbox (badness 10000) in paragraph at lines 358--358
[]\OT1/cmr/bx/n/9 Figure  10. \OT1/cmr/m/n/9 Num-ber of LFEs for fam-i-lies A, 
B2, D, C4, F and G1 ob-served (blue bars) and
 []


Overfull \hbox (10.40454pt too wide) in paragraph at lines 364--365
[]\OT1/cmr/m/n/10 In this study, we used the tem-plates ob-tained by  []Plourde
 et al.[] (2015) us-ing data 
 []


Overfull \hbox (13.76573pt too wide) in paragraph at lines 364--365
\OT1/cmr/m/n/10 recorded by the FAME net-work in North-ern Cal-i-for-nia dur-in
g an episode of high tremor 
 []


Overfull \hbox (14.98795pt too wide) in paragraph at lines 364--365
\OT1/cmr/m/n/10 ac-tiv-ity in April 2008, and we ex-tended their cat-a-log to t
he whole two years (2007-2009) 
 []


Overfull \hbox (1.37665pt too wide) in paragraph at lines 364--365
\OT1/cmr/m/n/10 dur-ing which the seis-mic sta-tions were in-stalled. We then u
sed the two-year-long cat- 
 []


Overfull \hbox (13.43233pt too wide) in paragraph at lines 364--365
\OT1/cmr/m/n/10 a-log to cre-ate tem-plates for sta-tions from the per-ma-nent 
seis-mic net-works, and used the 
 []


Overfull \hbox (16.349pt too wide) in paragraph at lines 364--365
\OT1/cmr/m/n/10 seis-mic data recorded by these sta-tions to ex-tend the cat-a-
log be-fore and af-ter the FAME 
 []


Overfull \hbox (19.82117pt too wide) in paragraph at lines 364--365
\OT1/cmr/m/n/10 ex-per-i-ment. We ob-serve LFEs ev-ery time that there is tec-t
onic tremor on the tremor cat- 
 []


Overfull \hbox (8.5991pt too wide) in paragraph at lines 364--365
\OT1/cmr/m/n/10 a-log from Bo-yarko et al. (2015), and sev-eral ad-di-tional sm
aller LFE episodes. Whereas 
 []


Overfull \hbox (34.8769pt too wide) in paragraph at lines 364--365
\OT1/cmr/m/n/10 the LFE fam-i-lies from the sub-duc-tion zone are mainly ac-tiv
e dur-ing the big Episodic Tremor 
 []


Overfull \hbox (21.32129pt too wide) in paragraph at lines 364--365
\OT1/cmr/m/n/10 and Slip events, the south-ern-most fam-ily is more ac-tive, wi
th re-peat-ing events about once 
 []


Overfull \hbox (22.68237pt too wide) in paragraph at lines 364--365
\OT1/cmr/m/n/10 a month. Downdip fam-i-lies are also more ac-tive than up dip f
am-i-lies. Tidal stress changes 
 []

[14 <./figures/coulomb-eps-converted-to.pdf>]
Overfull \hbox (5.37685pt too wide) in paragraph at lines 541--543
\OT1/cmr/m/n/10 cat-a-log, D. Bo-yarko for shar-ing his tremor cat-a-log, and H
. Hous-ton for the tidal stress 
 []


Overfull \hbox (23.87682pt too wide) in paragraph at lines 541--543
\OT1/cmr/m/n/10 cal-cu-la-tion in the Cas-ca-dia sub-duc-tion zone. This projec
t was funded by NSF grant EAR- 
 []


Overfull \hbox (10.82132pt too wide) in paragraph at lines 541--543
\OT1/cmr/m/n/10 1358512. A.D. would like to thank the In-te-gral En-vi-ron-men-
tal Big Data Re-search Fund 
 []


Overfull \hbox (4.62688pt too wide) in paragraph at lines 541--543
\OT1/cmr/m/n/10 from the Col-lege of the En-vi-ron-ment of Uni-ver-sity of Wash
-ing-ton, which funded cloud 
 []


Overfull \hbox (30.15457pt too wide) in paragraph at lines 541--543
\OT1/cmr/m/n/10 com-put-ing re-sources to carry out the data anal-y-ses. The se
is-mic record-ings from the FAME 
 []


Overfull \hbox (17.43236pt too wide) in paragraph at lines 541--543
\OT1/cmr/m/n/10 ex-per-i-ment used for this anal-y-sis can be down-loaded from 
the IRIS web-site []Alan Levan- 
 []


Overfull \hbox (27.46013pt too wide) in paragraph at lines 541--543
\OT1/cmr/m/n/10 der, 2007). Wave-form data from the per-ma-nent net-works were 
ac-cessed through the North- 
 []


Overfull \hbox (3.09904pt too wide) in paragraph at lines 541--543
\OT1/cmr/m/n/10 ern Cal-i-for-nia Earth-quake Data Cen-ter (NCEDC), doi:10.7932
/NCEDC. The first fig- 
 []


Overfull \hbox (2.52844pt too wide) in paragraph at lines 541--543
\OT1/cmr/m/n/10 ure was done us-ing GMT  []Wessel & Smith, 1991). \OT1/cmr/bx/n
/10 All the down-load-ing and pre- 
 []


Overfull \hbox (0.13937pt too wide) in paragraph at lines 541--543
\OT1/cmr/bx/n/10 pro-cess-ing op-er-a-tions on the seis-mic wave-forms are done
 with the Python 
 []


Overfull \hbox (12.84982pt too wide) in paragraph at lines 541--543
\OT1/cmr/bx/n/10 pack-age ob-spy. \OT1/cmr/m/n/10 The Python scripts used to an
-a-lyze the data and make the fig-ures can 
 []


Overfull \hbox (29.83519pt too wide) in paragraph at lines 541--543
\OT1/cmr/m/n/10 be found on the first au-thor's Github ac-count, ac-ces-si-ble 
through Zen-odo  []Ducellier, 2021).  
 []

(./agujournaltemplate_highlighted.bbl
Underfull \hbox (badness 6001) in paragraph at lines 14--32
[]\OT1/cmr/m/n/10 Alan Levan-der.  (2007).  \OT1/cmr/m/it/10 Seis-mic and geode
-tic in-ves-ti-ga-tions of men-do-cino triple 
 []


Underfull \hbox (badness 5091) in paragraph at lines 46--60
[]\OT1/cmr/m/n/10 Audet, P., & Kim, Y.  (2016).  Tele-seis-mic con-straints on 
the ge-o-log-i-cal en-vi-ron- 
 []


Underfull \hbox (badness 10000) in paragraph at lines 46--60
\OT1/cmr/m/n/10 ment of deep episodic slow earth-quakes in sub-duc-tion zone fo
re-arcs: A re-view. 
 []


Underfull \hbox (badness 10000) in paragraph at lines 75--92
\OT1/cmr/m/n/10 and inter-event times of low-frequency earth-quakes re-veal qua
si-continuous 
 []


Underfull \hbox (badness 10000) in paragraph at lines 75--92
\OT1/cmr/m/n/10 de-for-ma-tion and trig-gered slow slip on the deep Alpine Faul
t.  \OT1/cmr/m/it/10 Earth and 
 []


Underfull \hbox (badness 4181) in paragraph at lines 133--148
\OT1/cmr/m/n/10 be-low south-ern Van-cou-ver Is-land.  \OT1/cmr/m/it/10 Geo-che
m-istry Geo-physics Geosys-tems\OT1/cmr/m/n/10 , \OT1/cmr/m/it/10 13\OT1/cmr/m/
n/10 , 
 []


Underfull \hbox (badness 10000) in paragraph at lines 164--182
\OT1/cmr/m/n/10 and moment-duration scal-ing of low-frequency earth-quakes be-n
eath south- 
 []


Underfull \hbox (badness 10000) in paragraph at lines 164--182
\OT1/cmr/m/n/10 ern Van-cou-ver Is-land.  \OT1/cmr/m/it/10 Jour-nal of Geo-phys
-i-cal Re-search: Solid Earth\OT1/cmr/m/n/10 , \OT1/cmr/m/it/10 120\OT1/cmr/m/n
/10 , 
 []


Underfull \hbox (badness 10000) in paragraph at lines 198--215
\OT1/cmr/m/n/10 de-tec-tion and lo-ca-tion of tec-tonic tremor along the en-tir
e Cas-ca-dia mar-gin 
 []


Underfull \hbox (badness 2418) in paragraph at lines 229--242
[]\OT1/cmr/m/n/10 Brudzinski, M., & Allen, R.  (2007).  Seg-men-ta-tion in epis
odic tremor and slip all 
 []


Underfull \hbox (badness 6625) in paragraph at lines 256--270
[]\OT1/cmr/m/n/10 Chestler, S., & Crea-ger, K.  (2017a).  Ev-i-dence for a scal
e-limited low-frequecny 
 []


Underfull \hbox (badness 3482) in paragraph at lines 284--296
[]\OT1/cmr/m/n/10 Chestler, S., & Crea-ger, K.  (2017b).  A model for low-frequ
ency earth-quake slip. 
 []


Underfull \hbox (badness 2809) in paragraph at lines 308--324
[]\OT1/cmr/m/n/10 Ducellier, A.  (2021, Au-gust).  \OT1/cmr/m/it/10 Ar-i-ane-du
-cel-lier/catalog: Pa-per sub-mis-sion.  \OT1/cmr/m/n/10 Zen- 
 []


Underfull \hbox (badness 2310) in paragraph at lines 308--324
\OT1/cmr/m/n/10 odo.  Re-trieved from $\OT1/cmtt/m/n/10 https :// doi [] .org /
 10 [] .5281 / zenodo [] .5168867$   \OT1/cmr/m/n/10 doi: $10 [] 
 []


Underfull \hbox (badness 10000) in paragraph at lines 336--355
[]\OT1/cmr/m/n/10 Frank, W., Shapiro, N., Husker, A., Kos-toglodov, V., Ro-ma-n
enko, A., & Campillo, 
 []


Underfull \vbox (badness 1092) has occurred while \output is active []

 [15]
Underfull \hbox (badness 3375) in paragraph at lines 369--383
\OT1/cmr/m/n/10 volcanic tremor trig-gered by re-gional earth-quakes.  \OT1/cmr
/m/it/10 Geo-phys-i-cal Re-search Let- 
 []


Underfull \hbox (badness 10000) in paragraph at lines 399--416
\OT1/cmr/m/n/10 and in-ferred slow slip by small earth-quakes at the Nankai sub
-duc-tion zone in 
 []


Underfull \hbox (badness 1320) in paragraph at lines 455--470
[]\OT1/cmr/m/n/10 Houston, H., Del-bridge, B., Wech, A., & Crea-ger, K.  (2011)
.  Rapid tremor re-ver- 
 []


Underfull \hbox (badness 2237) in paragraph at lines 455--470
\OT1/cmr/m/n/10 sals in Cas-ca-dia gen-er-ated by a weak-ened plate in-ter-face
.  \OT1/cmr/m/it/10 Na-ture Geo-science\OT1/cmr/m/n/10 , 
 []


Underfull \hbox (badness 1845) in paragraph at lines 484--500
[]\OT1/cmr/m/n/10 Ide, S., Shelly, D., & Beroza, G.  (2007).  Mech-a-nism of de
ep low fre-quency earth- 
 []


Underfull \hbox (badness 10000) in paragraph at lines 484--500
\OT1/cmr/m/n/10 quakes: Fur-ther ev-i-dence that deep non-volcanic tremor is ge
n-er-ated by shear 
 []


Underfull \hbox (badness 2698) in paragraph at lines 564--580
[]\OT1/cmr/m/n/10 Obara, K., Hi-rose, H., Ya-mamizu, F., & Kasa-hara, K.  (2004
).  Episodic slow slip 
 []


Underfull \hbox (badness 10000) in paragraph at lines 564--580
\OT1/cmr/m/n/10 events ac-com-pa-nied by non-volcanic tremors in south-west Jap
an sub-duc-tion 
 []


Underfull \hbox (badness 4013) in paragraph at lines 624--640
\OT1/cmr/m/n/10 of tremor along the San An-dreas Fault in cen-tral Cal-i-for-ni
a.  \OT1/cmr/m/it/10 Jour-nal of Geo- 
 []


Underfull \hbox (badness 1231) in paragraph at lines 655--669
[]\OT1/cmr/m/n/10 Plourde, A., Bo-stock, M., Au-det, P., & Thomas, A.  (2015). 
 Low-frequency earth- 
 []


Underfull \hbox (badness 10000) in paragraph at lines 655--669
\OT1/cmr/m/n/10 quakes at the south-ern Cas-ca-dia mar-gin.  \OT1/cmr/m/it/10 G
eo-phys-i-cal Re-search Let-ters\OT1/cmr/m/n/10 , \OT1/cmr/m/it/10 42\OT1/cmr/m
/n/10 , 
 []


Underfull \hbox (badness 6348) in paragraph at lines 710--723
[]\OT1/cmr/m/n/10 Royer, A., & Bo-stock, M.  (2014).  A com-par-a-tive study of
 low fre-quency earth- 
 []


Underfull \hbox (badness 5667) in paragraph at lines 710--723
\OT1/cmr/m/n/10 quake tem-plates in north-ern Cas-ca-dia.  \OT1/cmr/m/it/10 Ear
th and Plan-e-tary Sci-ence Let-ters\OT1/cmr/m/n/10 , 
 []


Underfull \hbox (badness 4403) in paragraph at lines 737--752
[]\OT1/cmr/m/n/10 Royer, A., Thomas, A., & Bo-stock, M.  (2015).  Tidal mod-u-l
a-tion and trig-ger-ing 
 []


Underfull \hbox (badness 10000) in paragraph at lines 764--784
[]\OT1/cmr/m/n/10 Rubinstein, J., Gomberg, J., Vi-dale, J., Wech, A., Kao, H., 
Crea-ger, K., & Rogers, 
 []


Underfull \hbox (badness 10000) in paragraph at lines 764--784
\OT1/cmr/m/n/10 slip, and earth-quakes on Van-cou-ver Is-land.  \OT1/cmr/m/it/1
0 Jour-nal of Geo-phys-i-cal Re-search 
 []


Underfull \hbox (badness 3108) in paragraph at lines 796--810
[]\OT1/cmr/m/n/10 Shelly, D.  (2017).  A 15 year cat-a-log of more than 1 mil-l
ion low-frequency earth- 
 []


Underfull \hbox (badness 3386) in paragraph at lines 796--810
\OT1/cmr/m/n/10 quakes: Track-ing tremor and slip along the deep San An-dreas F
ault.  \OT1/cmr/m/it/10 Jour-nal 
 []


Underfull \hbox (badness 1688) in paragraph at lines 824--837
[]\OT1/cmr/m/n/10 Shelly, D., Beroza, G., & Ide, S.  (2007a).  Non-volcanic tre
mor and low-frequency 
 []


Underfull \hbox (badness 2088) in paragraph at lines 851--866
\OT1/cmr/m/n/10 from pre-cise tremor lo-ca-tions in west-ern Shikoku, Japan.  \
OT1/cmr/m/it/10 Geo-chem-istry, Geo- 
 []


Underfull \hbox (badness 1308) in paragraph at lines 881--897
\OT1/cmr/m/n/10 in Shikoku, Japan, and their re-la-tion-ship to episodic tremor
 and slip.  \OT1/cmr/m/it/10 Na-ture\OT1/cmr/m/n/10 , 
 []

[16]
Underfull \hbox (badness 2980) in paragraph at lines 943--961
[]\OT1/cmr/m/n/10 Thomas, A., B^^?urgmann, R., Shelly, D., Beeler, N., & Rudolp
h, M.  (2012).  Tidal 
 []


Underfull \hbox (badness 10000) in paragraph at lines 943--961
\OT1/cmr/m/n/10 trig-ger-ing of low fre-quency earth-quakes near Park-field, Ca
l-i-for-nia: Im-pli-ca-tions 
 []


Underfull \hbox (badness 1681) in paragraph at lines 1002--1014
[]\OT1/cmr/m/n/10 Wessel, P., & Smith, W. H. F.  (1991).  Free soft-ware helps 
map and dis-play data. 
 []

) [17] (./agujournaltemplate_highlighted.aux)

LaTeX Font Warning: Size substitutions with differences
(Font)              up to 0.45pt have occurred.


LaTeX Warning: There were undefined references.


LaTeX Warning: There were multiply-defined labels.

 ) 
Here is how much of TeX's memory you used:
 3578 strings out of 493014
 50516 string characters out of 6133351
 126178 words of memory out of 5000000
 7046 multiletter control sequences out of 15000+600000
 9949 words of font info for 36 fonts, out of 8000000 for 9000
 1147 hyphenation exceptions out of 8191
 50i,8n,37p,2158b,363s stack positions out of 5000i,500n,10000p,200000b,80000s
</usr/local/texlive/2016/texmf-dist/fonts/type1/public/amsfonts/cm/cmbx10.pfb
></usr/local/texlive/2016/texmf-dist/fonts/type1/public/amsfonts/cm/cmbx12.pfb>
</usr/local/texlive/2016/texmf-dist/fonts/type1/public/amsfonts/cm/cmbx9.pfb></
usr/local/texlive/2016/texmf-dist/fonts/type1/public/amsfonts/cm/cmmi10.pfb></u
sr/local/texlive/2016/texmf-dist/fonts/type1/public/amsfonts/cm/cmmi7.pfb></usr
/local/texlive/2016/texmf-dist/fonts/type1/public/amsfonts/cm/cmmi9.pfb></usr/l
ocal/texlive/2016/texmf-dist/fonts/type1/public/amsfonts/cm/cmr10.pfb></usr/loc
al/texlive/2016/texmf-dist/fonts/type1/public/amsfonts/cm/cmr6.pfb></usr/local/
texlive/2016/texmf-dist/fonts/type1/public/amsfonts/cm/cmr7.pfb></usr/local/tex
live/2016/texmf-dist/fonts/type1/public/amsfonts/cm/cmr8.pfb></usr/local/texliv
e/2016/texmf-dist/fonts/type1/public/amsfonts/cm/cmr9.pfb></usr/local/texlive/2
016/texmf-dist/fonts/type1/public/amsfonts/cm/cmss8.pfb></usr/local/texlive/201
6/texmf-dist/fonts/type1/public/amsfonts/cm/cmsy10.pfb></usr/local/texlive/2016
/texmf-dist/fonts/type1/public/amsfonts/cm/cmsy5.pfb></usr/local/texlive/2016/t
exmf-dist/fonts/type1/public/amsfonts/cm/cmti10.pfb></usr/local/texlive/2016/te
xmf-dist/fonts/type1/public/amsfonts/cm/cmti9.pfb></usr/local/texlive/2016/texm
f-dist/fonts/type1/public/amsfonts/cm/cmtt10.pfb></usr/local/texlive/2016/texmf
-dist/fonts/type1/public/amsfonts/cm/cmtt9.pfb>
Output written on agujournaltemplate_highlighted.pdf (17 pages, 1977504 bytes).

PDF statistics:
 515 PDF objects out of 1000 (max. 8388607)
 144 compressed objects within 2 object streams
 0 named destinations out of 1000 (max. 500000)
 111 words of extra memory for PDF output out of 10000 (max. 10000000)

