This is pdfTeX, Version 3.14159265-2.6-1.40.17 (TeX Live 2016) (preloaded format=pdflatex 2016.5.22)  26 JAN 2022 11:23
entering extended mode
 restricted \write18 enabled.
 file:line:error style messages enabled.
 %&-line parsing enabled.
**supplement.tex
(./supplement.tex
LaTeX2e <2016/03/31>
Babel <3.9r> and hyphenation patterns for 83 language(s) loaded.
(./agujournal2019.cls
Document Class: agujournal2019 01/14/2019
(/usr/local/texlive/2016/texmf-dist/tex/latex/graphics/graphicx.sty
Package: graphicx 2014/10/28 v1.0g Enhanced LaTeX Graphics (DPC,SPQR)

(/usr/local/texlive/2016/texmf-dist/tex/latex/graphics/keyval.sty
Package: keyval 2014/10/28 v1.15 key=value parser (DPC)
\KV@toks@=\toks14
)
(/usr/local/texlive/2016/texmf-dist/tex/latex/graphics/graphics.sty
Package: graphics 2016/05/09 v1.0r Standard LaTeX Graphics (DPC,SPQR)

(/usr/local/texlive/2016/texmf-dist/tex/latex/graphics/trig.sty
Package: trig 2016/01/03 v1.10 sin cos tan (DPC)
)
(/usr/local/texlive/2016/texmf-dist/tex/latex/graphics-cfg/graphics.cfg
File: graphics.cfg 2016/01/02 v1.10 sample graphics configuration
)
Package graphics Info: Driver file: pdftex.def on input line 96.

(/usr/local/texlive/2016/texmf-dist/tex/latex/pdftex-def/pdftex.def
File: pdftex.def 2011/05/27 v0.06d Graphics/color for pdfTeX

(/usr/local/texlive/2016/texmf-dist/tex/generic/oberdiek/infwarerr.sty
Package: infwarerr 2016/05/16 v1.4 Providing info/warning/error messages (HO)
)
(/usr/local/texlive/2016/texmf-dist/tex/generic/oberdiek/ltxcmds.sty
Package: ltxcmds 2016/05/16 v1.23 LaTeX kernel commands for general use (HO)
)
\Gread@gobject=\count79
))
\Gin@req@height=\dimen102
\Gin@req@width=\dimen103
)
(/usr/local/texlive/2016/texmf-dist/tex/latex/xcolor/xcolor.sty
Package: xcolor 2016/05/11 v2.12 LaTeX color extensions (UK)

(/usr/local/texlive/2016/texmf-dist/tex/latex/graphics-cfg/color.cfg
File: color.cfg 2016/01/02 v1.6 sample color configuration
)
Package xcolor Info: Driver file: pdftex.def on input line 225.
Package xcolor Info: Model `cmy' substituted by `cmy0' on input line 1348.
Package xcolor Info: Model `hsb' substituted by `rgb' on input line 1352.
Package xcolor Info: Model `RGB' extended on input line 1364.
Package xcolor Info: Model `HTML' substituted by `rgb' on input line 1366.
Package xcolor Info: Model `Hsb' substituted by `hsb' on input line 1367.
Package xcolor Info: Model `tHsb' substituted by `hsb' on input line 1368.
Package xcolor Info: Model `HSB' substituted by `hsb' on input line 1369.
Package xcolor Info: Model `Gray' substituted by `gray' on input line 1370.
Package xcolor Info: Model `wave' substituted by `hsb' on input line 1371.
)
(/usr/local/texlive/2016/texmf-dist/tex/latex/url/url.sty
\Urlmuskip=\muskip10
Package: url 2013/09/16  ver 3.4  Verb mode for urls, etc.
) (./trackchanges.sty
Package: trackchanges 2009/04/22 v0.7.0 TrackChanges file 

(/usr/local/texlive/2016/texmf-dist/tex/latex/base/ifthen.sty
Package: ifthen 2014/09/29 v1.1c Standard LaTeX ifthen package (DPC)
)
(/usr/local/texlive/2016/texmf-dist/tex/latex/tools/calc.sty
Package: calc 2014/10/28 v4.3 Infix arithmetic (KKT,FJ)
\calc@Acount=\count80
\calc@Bcount=\count81
\calc@Adimen=\dimen104
\calc@Bdimen=\dimen105
\calc@Askip=\skip41
\calc@Bskip=\skip42
LaTeX Info: Redefining \setlength on input line 80.
LaTeX Info: Redefining \addtolength on input line 81.
\calc@Ccount=\count82
\calc@Cskip=\skip43
)
(/usr/local/texlive/2016/texmf-dist/tex/latex/soul/soul.sty
Package: soul 2003/11/17 v2.4 letterspacing/underlining (mf)
\SOUL@word=\toks15
\SOUL@lasttoken=\toks16
\SOUL@cmds=\toks17
\SOUL@buffer=\toks18
\SOUL@token=\toks19
\SOUL@spaceskip=\skip44
\SOUL@ttwidth=\dimen106
\SOUL@uldp=\dimen107
\SOUL@ulht=\dimen108
)
(/usr/local/texlive/2016/texmf-dist/tex/latex/morefloats/morefloats.sty
Package: morefloats 2015/07/22 v1.0h Raise limit of unprocessed floats (HMM)

(/usr/local/texlive/2016/texmf-dist/tex/latex/oberdiek/kvoptions.sty
Package: kvoptions 2016/05/16 v3.12 Key value format for package options (HO)

(/usr/local/texlive/2016/texmf-dist/tex/generic/oberdiek/kvsetkeys.sty
Package: kvsetkeys 2016/05/16 v1.17 Key value parser (HO)

(/usr/local/texlive/2016/texmf-dist/tex/generic/oberdiek/etexcmds.sty
Package: etexcmds 2016/05/16 v1.6 Avoid name clashes with e-TeX commands (HO)

(/usr/local/texlive/2016/texmf-dist/tex/generic/oberdiek/ifluatex.sty
Package: ifluatex 2016/05/16 v1.4 Provides the ifluatex switch (HO)
Package ifluatex Info: LuaTeX not detected.
)
Package etexcmds Info: Could not find \expanded.
(etexcmds)             That can mean that you are not using pdfTeX 1.50 or
(etexcmds)             that some package has redefined \expanded.
(etexcmds)             In the latter case, load this package earlier.
)))
Package morefloats Info: Maximum number of possible floats asked for: 36
(morefloats)             (i.e. 18 more floats).
(morefloats)             LaTeX might run out of memory before this
(morefloats)             (in which case it will notify you).
)
\c@userid=\count83
\c@changenumber=\count84
\c@storefootnote=\count85
\c@numeditors=\count86
\c@maxeditors=\count87
)
(/usr/local/texlive/2016/texmf-dist/tex/latex/lineno/lineno.sty
Package: lineno 2005/11/02 line numbers on paragraphs v4.41
\linenopenalty=\count88
\output=\toks20
\linenoprevgraf=\count89
\linenumbersep=\dimen109
\linenumberwidth=\dimen110
\c@linenumber=\count90
\c@pagewiselinenumber=\count91
\c@LN@truepage=\count92
\c@internallinenumber=\count93
\c@internallinenumbers=\count94
\quotelinenumbersep=\dimen111
\bframerule=\dimen112
\bframesep=\dimen113
\bframebox=\box26
LaTeX Info: Redefining \\ on input line 3056.
)
(/usr/local/texlive/2016/texmf-dist/tex/latex/tools/indentfirst.sty
Package: indentfirst 1995/11/23 v1.03 Indent first paragraph (DPC)
)
(/usr/local/texlive/2016/texmf-dist/tex/latex/ms/ragged2e.sty
Package: ragged2e 2009/05/21 v2.1 ragged2e Package (MS)

(/usr/local/texlive/2016/texmf-dist/tex/latex/ms/everysel.sty
Package: everysel 2011/10/28 v1.2 EverySelectfont Package (MS)
)
\CenteringLeftskip=\skip45
\RaggedLeftLeftskip=\skip46
\RaggedRightLeftskip=\skip47
\CenteringRightskip=\skip48
\RaggedLeftRightskip=\skip49
\RaggedRightRightskip=\skip50
\CenteringParfillskip=\skip51
\RaggedLeftParfillskip=\skip52
\RaggedRightParfillskip=\skip53
\JustifyingParfillskip=\skip54
\CenteringParindent=\skip55
\RaggedLeftParindent=\skip56
\RaggedRightParindent=\skip57
\JustifyingParindent=\skip58
)
(/usr/local/texlive/2016/texmf-dist/tex/latex/rotating/rotating.sty
Package: rotating 2009/03/28 v2.16a rotated objects in LaTeX
\c@r@tfl@t=\count95
\rotFPtop=\skip59
\rotFPbot=\skip60
\rot@float@box=\box27
\rot@mess@toks=\toks21
)
(/usr/local/texlive/2016/texmf-dist/tex/generic/ulem/ulem.sty
\UL@box=\box28
\UL@hyphenbox=\box29
\UL@skip=\skip61
\UL@hook=\toks22
\UL@height=\dimen114
\UL@pe=\count96
\UL@pixel=\dimen115
\ULC@box=\box30
Package: ulem 2012/05/18
\ULdepth=\dimen116
)
\draftskip=\count97
\c@section=\count98
\c@subsection=\count99
\c@subsubsection=\count100
\c@paragraph=\count101
\c@subparagraph=\count102
\c@figure=\count103
\c@table=\count104
\abovecaptionskip=\skip62
\belowcaptionskip=\skip63
\c@appendnum=\count105
\bibindent=\dimen117

(/usr/local/texlive/2016/texmf-dist/tex/latex/apacite/apacite.sty
Package: apacite 2013/07/21 v6.03 APA citation
\c@BibCnt=\count106
\bibleftmargin=\skip64
\bibindent=\skip65
\bibparsep=\skip66
\bibitemsep=\skip67
\biblabelsep=\skip68
))
(/usr/local/texlive/2016/texmf-dist/tex/latex/tools/longtable.sty
Package: longtable 2014/10/28 v4.11 Multi-page Table package (DPC)
\LTleft=\skip69
\LTright=\skip70
\LTpre=\skip71
\LTpost=\skip72
\LTchunksize=\count107
\LTcapwidth=\dimen118
\LT@head=\box31
\LT@firsthead=\box32
\LT@foot=\box33
\LT@lastfoot=\box34
\LT@cols=\count108
\LT@rows=\count109
\c@LT@tables=\count110
\c@LT@chunks=\count111
\LT@p@ftn=\toks23
)
(./supplement.aux

LaTeX Warning: Label `pngfiguresample' multiply defined.


LaTeX Warning: Label `pngfiguresample' multiply defined.


LaTeX Warning: Label `pngfiguresample' multiply defined.

)
\openout1 = `supplement.aux'.

LaTeX Font Info:    Checking defaults for OML/cmm/m/it on input line 15.
LaTeX Font Info:    ... okay on input line 15.
LaTeX Font Info:    Checking defaults for T1/cmr/m/n on input line 15.
LaTeX Font Info:    ... okay on input line 15.
LaTeX Font Info:    Checking defaults for OT1/cmr/m/n on input line 15.
LaTeX Font Info:    ... okay on input line 15.
LaTeX Font Info:    Checking defaults for OMS/cmsy/m/n on input line 15.
LaTeX Font Info:    ... okay on input line 15.
LaTeX Font Info:    Checking defaults for OMX/cmex/m/n on input line 15.
LaTeX Font Info:    ... okay on input line 15.
LaTeX Font Info:    Checking defaults for U/cmr/m/n on input line 15.
LaTeX Font Info:    ... okay on input line 15.
 (/usr/local/texlive/2016/texmf-dist/tex/context/base/mkii/supp-pdf.mkii
[Loading MPS to PDF converter (version 2006.09.02).]
\scratchcounter=\count112
\scratchdimen=\dimen119
\scratchbox=\box35
\nofMPsegments=\count113
\nofMParguments=\count114
\everyMPshowfont=\toks24
\MPscratchCnt=\count115
\MPscratchDim=\dimen120
\MPnumerator=\count116
\makeMPintoPDFobject=\count117
\everyMPtoPDFconversion=\toks25
) (/usr/local/texlive/2016/texmf-dist/tex/generic/oberdiek/pdftexcmds.sty
Package: pdftexcmds 2016/05/10 v0.21 Utility functions of pdfTeX for LuaTeX (HO
)

(/usr/local/texlive/2016/texmf-dist/tex/generic/oberdiek/ifpdf.sty
Package: ifpdf 2016/05/14 v3.1 Provides the ifpdf switch
)
Package pdftexcmds Info: LuaTeX not detected.
Package pdftexcmds Info: \pdf@primitive is available.
Package pdftexcmds Info: \pdf@ifprimitive is available.
Package pdftexcmds Info: \pdfdraftmode found.
)
(/usr/local/texlive/2016/texmf-dist/tex/latex/oberdiek/epstopdf-base.sty
Package: epstopdf-base 2016/05/15 v2.6 Base part for package epstopdf

(/usr/local/texlive/2016/texmf-dist/tex/latex/oberdiek/grfext.sty
Package: grfext 2016/05/16 v1.2 Manage graphics extensions (HO)

(/usr/local/texlive/2016/texmf-dist/tex/generic/oberdiek/kvdefinekeys.sty
Package: kvdefinekeys 2016/05/16 v1.4 Define keys (HO)
))
Package grfext Info: Graphics extension search list:
(grfext)             [.png,.pdf,.jpg,.mps,.jpeg,.jbig2,.jb2,.PNG,.PDF,.JPG,.JPE
G,.JBIG2,.JB2,.eps]
(grfext)             \AppendGraphicsExtensions on input line 456.

(/usr/local/texlive/2016/texmf-dist/tex/latex/latexconfig/epstopdf-sys.cfg
File: epstopdf-sys.cfg 2010/07/13 v1.3 Configuration of (r)epstopdf for TeX Liv
e
))

Package trackchanges Warning: TrackChanges is not compatable with the 
(trackchanges)                'ulem' package.
(trackchanges)                Use the 'soul' package instead.

ABD: EverySelectfont initializing macros
LaTeX Info: Redefining \selectfont on input line 15.
\c@maskedRefs=\count118

(/usr/local/texlive/2016/texmf-dist/tex/latex/apacite/english.apc
File: english.apc 2013/07/21 v6.03 apacite language file
LaTeX Info: Redefining \BPBI on input line 129.
LaTeX Info: Redefining \BHBI on input line 130.
)
LaTeX Font Info:    External font `cmex10' loaded for size
(Font)              <7> on input line 19.
LaTeX Font Info:    External font `cmex10' loaded for size
(Font)              <5> on input line 19.
LaTeX Font Info:    External font `cmex10' loaded for size
(Font)              <8> on input line 21.
LaTeX Font Info:    External font `cmex10' loaded for size
(Font)              <6> on input line 21.
Package epstopdf Info: Source file: <figures/unfiltered_FAME.eps>
(epstopdf)                    date: 2022-01-16 09:43:33
(epstopdf)                    size: 1876221 bytes
(epstopdf)             Output file: <figures/unfiltered_FAME-eps-converted-to.p
df>
(epstopdf)                    date: 2022-01-16 09:43:33
(epstopdf)                    size: 520521 bytes
(epstopdf)             Command: <repstopdf --outfile=figures/unfiltered_FAME-ep
s-converted-to.pdf figures/unfiltered_FAME.eps>
(epstopdf)             \includegraphics on input line 26.
Package epstopdf Info: Output file is already uptodate.

<figures/unfiltered_FAME-eps-converted-to.pdf, id=1, 1445.4pt x 722.7pt>
File: figures/unfiltered_FAME-eps-converted-to.pdf Graphic file (type pdf)

<use figures/unfiltered_FAME-eps-converted-to.pdf>
Package pdftex.def Info: figures/unfiltered_FAME-eps-converted-to.pdf used on i
nput line 26.
(pdftex.def)             Requested size: 397.48499pt x 198.7376pt.

Underfull \hbox (badness 10000) in paragraph at lines 27--27
[]\OT1/cmr/bx/n/9 Figure  S1. \OT1/cmr/m/n/9 Same as Fig-ure 3 from the main te
xt, but with-out fil-ter-ing the LFEs. They are
 []


Underfull \hbox (badness 10000) in paragraph at lines 27--27
\OT1/cmr/m/n/9 many false de-tec-tions at the be-gin-ning and the end of the ca
t-a-log be-cause the FAME sta-tions
 []

Package epstopdf Info: Source file: <figures/unfiltered_perm.eps>
(epstopdf)                    date: 2022-01-16 09:43:33
(epstopdf)                    size: 4571686 bytes
(epstopdf)             Output file: <figures/unfiltered_perm-eps-converted-to.p
df>
(epstopdf)                    date: 2022-01-16 09:43:33
(epstopdf)                    size: 1332673 bytes
(epstopdf)             Command: <repstopdf --outfile=figures/unfiltered_perm-ep
s-converted-to.pdf figures/unfiltered_perm.eps>
(epstopdf)             \includegraphics on input line 32.
Package epstopdf Info: Output file is already uptodate.
<figures/unfiltered_perm-eps-converted-to.pdf, id=3, 1445.4pt x 722.7pt>
File: figures/unfiltered_perm-eps-converted-to.pdf Graphic file (type pdf)

<use figures/unfiltered_perm-eps-converted-to.pdf>
Package pdftex.def Info: figures/unfiltered_perm-eps-converted-to.pdf used on i
nput line 32.
(pdftex.def)             Requested size: 397.48499pt x 198.7376pt.
Package epstopdf Info: Source file: <figures/timeline_FAME.eps>
(epstopdf)                    date: 2022-01-16 09:43:33
(epstopdf)                    size: 21189 bytes
(epstopdf)             Output file: <figures/timeline_FAME-eps-converted-to.pdf
>
(epstopdf)                    date: 2022-01-16 09:43:33
(epstopdf)                    size: 15813 bytes
(epstopdf)             Command: <repstopdf --outfile=figures/timeline_FAME-eps-
converted-to.pdf figures/timeline_FAME.eps>
(epstopdf)             \includegraphics on input line 38.
Package epstopdf Info: Output file is already uptodate.

<figures/timeline_FAME-eps-converted-to.pdf, id=5, 722.7pt x 433.62pt>
File: figures/timeline_FAME-eps-converted-to.pdf Graphic file (type pdf)

<use figures/timeline_FAME-eps-converted-to.pdf>
Package pdftex.def Info: figures/timeline_FAME-eps-converted-to.pdf used on inp
ut line 38.
(pdftex.def)             Requested size: 397.48499pt x 238.49173pt.

Underfull \hbox (badness 10000) in paragraph at lines 39--39
[]\OT1/cmr/bx/n/9 Figure  S3. \OT1/cmr/m/n/9 Evo-lu-tion of the num-ber of chan
-nels avail-able for the com-pu-ta-tion of the 2007-
 []

Package epstopdf Info: Source file: <figures/timeline_perm.eps>
(epstopdf)                    date: 2022-01-16 09:43:33
(epstopdf)                    size: 21459 bytes
(epstopdf)             Output file: <figures/timeline_perm-eps-converted-to.pdf
>
(epstopdf)                    date: 2022-01-16 09:43:33
(epstopdf)                    size: 16227 bytes
(epstopdf)             Command: <repstopdf --outfile=figures/timeline_perm-eps-
converted-to.pdf figures/timeline_perm.eps>
(epstopdf)             \includegraphics on input line 44.
Package epstopdf Info: Output file is already uptodate.
<figures/timeline_perm-eps-converted-to.pdf, id=7, 722.7pt x 433.62pt>
File: figures/timeline_perm-eps-converted-to.pdf Graphic file (type pdf)

<use figures/timeline_perm-eps-converted-to.pdf>
Package pdftex.def Info: figures/timeline_perm-eps-converted-to.pdf used on inp
ut line 44.
(pdftex.def)             Requested size: 397.48499pt x 238.49173pt.

Underfull \hbox (badness 10000) in paragraph at lines 45--45
[]\OT1/cmr/bx/n/9 Figure  S4. \OT1/cmr/m/n/9 Evo-lu-tion of the num-ber of chan
-nels avail-able for the com-pu-ta-tion of the 2004-
 []

[1{/usr/local/texlive/2016/texmf-var/fonts/map/pdftex/updmap/pdftex.map} <./fig
ures/unfiltered_FAME-eps-converted-to.pdf>]
Underfull \hbox (badness 10000) in paragraph at lines 52--52
[]\OT1/cmr/bx/n/9 Table S1. \OT1/cmr/m/n/9 Tem-po-rary sta-tions used for the 2
007-2009 cat-a-log. The data cen-ters pro-vid-
 []


Underfull \hbox (badness 10000) in paragraph at lines 52--52
\OT1/cmr/m/n/9 ing the seis-mic wave-forms are the In-cor-po-rated Re-search In
-sti-tu-tions for Seis-mol-ogy (IRIS)
 []


Underfull \hbox (badness 10000) in paragraph at lines 52--52
\OT1/cmr/m/n/9 (Alan Levan-der, 2007), and the North-ern Cal-i-for-nia Earth-qu
ake Data Cen-ter (NCEDC),
 []


Overfull \hbox (42.21997pt too wide) in paragraph at lines 55--94
 [][] 
 []


Underfull \hbox (badness 10000) in paragraph at lines 99--99
[]\OT1/cmr/bx/n/9 Table S2. \OT1/cmr/m/n/9 Per-ma-nent sta-tions used for the 2
004-2011 cat-a-log. The data cen-ters pro-vid-
 []


Underfull \hbox (badness 10000) in paragraph at lines 99--99
\OT1/cmr/m/n/9 ing the seis-mic wave-forms are the In-cor-po-rated Re-search In
-sti-tu-tions for Seis-mol-ogy (IRIS)
 []


Underfull \hbox (badness 10000) in paragraph at lines 99--99
\OT1/cmr/m/n/9 (Alan Levan-der, 2007), and the North-ern Cal-i-for-nia Earth-qu
ake Data Cen-ter (NCEDC),
 []


Overfull \hbox (44.35333pt too wide) in paragraph at lines 102--160
 [][] 
 []


LaTeX Warning: Float too large for page by 48.20248pt on input line 160.


Underfull \hbox (badness 10000) in paragraph at lines 165--165
[]\OT1/cmr/bx/n/9 Table S3. \OT1/cmr/m/n/9 Thresh-olds used to clean the cat-a-
logs. An LFE is kept in the cat-a-log if its cross-
 []


Underfull \hbox (badness 10000) in paragraph at lines 165--165
\OT1/cmr/m/n/9 correlation value mul-ti-plied by the num-ber of chan-nels recor
d-ing when it was de-tected is higher
 []


Underfull \hbox (badness 10000) in paragraph at lines 165--165
\OT1/cmr/m/n/9 than the thresh-old. The thresh-old is miss-ing for the fam-i-li
es for which there were not enough
 []

[2 <./figures/unfiltered_perm-eps-converted-to.pdf> <./figures/timeline_FAME-ep
s-converted-to.pdf>] [3 <./figures/timeline_perm-eps-converted-to.pdf>]
[4] [5] [6] (./supplement.aux)

LaTeX Warning: There were multiply-defined labels.

 ) 
Here is how much of TeX's memory you used:
 3468 strings out of 493014
 47852 string characters out of 6133351
 158910 words of memory out of 5000000
 6946 multiletter control sequences out of 15000+600000
 8214 words of font info for 30 fonts, out of 8000000 for 9000
 1147 hyphenation exceptions out of 8191
 50i,8n,37p,387b,265s stack positions out of 5000i,500n,10000p,200000b,80000s
</usr/local/texlive/2016/texmf-dist/fonts/type1/public/amsfonts/cm/cmbx10.pfb
></usr/local/texlive/2016/texmf-dist/fonts/type1/public/amsfonts/cm/cmbx12.pfb>
</usr/local/texlive/2016/texmf-dist/fonts/type1/public/amsfonts/cm/cmbx9.pfb></
usr/local/texlive/2016/texmf-dist/fonts/type1/public/amsfonts/cm/cmr6.pfb></usr
/local/texlive/2016/texmf-dist/fonts/type1/public/amsfonts/cm/cmr7.pfb></usr/lo
cal/texlive/2016/texmf-dist/fonts/type1/public/amsfonts/cm/cmr8.pfb></usr/local
/texlive/2016/texmf-dist/fonts/type1/public/amsfonts/cm/cmr9.pfb></usr/local/te
xlive/2016/texmf-dist/fonts/type1/public/amsfonts/cm/cmss8.pfb></usr/local/texl
ive/2016/texmf-dist/fonts/type1/public/amsfonts/cm/cmti9.pfb></usr/local/texliv
e/2016/texmf-dist/fonts/type1/public/amsfonts/cm/cmtt9.pfb>
Output written on supplement.pdf (6 pages, 1999225 bytes).
PDF statistics:
 222 PDF objects out of 1000 (max. 8388607)
 64 compressed objects within 1 object stream
 0 named destinations out of 1000 (max. 500000)
 45 words of extra memory for PDF output out of 10000 (max. 10000000)

